Using TensorFlow backend.
WARNING: Logging before flag parsing goes to stderr.
W0618 07:30:17.196330 140613530650432 deprecation_wrapper.py:119] From /home/herley/.conda/envs/herley/lib/python3.7/site-packages/keras/backend/tensorflow_backend.py:74: The name tf.get_default_graph is deprecated. Please use tf.compat.v1.get_default_graph instead.

W0618 07:30:17.203111 140613530650432 deprecation_wrapper.py:119] From /home/herley/.conda/envs/herley/lib/python3.7/site-packages/keras/backend/tensorflow_backend.py:517: The name tf.placeholder is deprecated. Please use tf.compat.v1.placeholder instead.

W0618 07:30:17.203858 140613530650432 deprecation_wrapper.py:119] From /home/herley/.conda/envs/herley/lib/python3.7/site-packages/keras/backend/tensorflow_backend.py:4138: The name tf.random_uniform is deprecated. Please use tf.random.uniform instead.

W0618 07:30:17.212652 140613530650432 deprecation_wrapper.py:119] From /home/herley/.conda/envs/herley/lib/python3.7/site-packages/keras/backend/tensorflow_backend.py:133: The name tf.placeholder_with_default is deprecated. Please use tf.compat.v1.placeholder_with_default instead.

W0618 07:30:17.215862 140613530650432 deprecation.py:506] From /home/herley/.conda/envs/herley/lib/python3.7/site-packages/keras/backend/tensorflow_backend.py:3445: calling dropout (from tensorflow.python.ops.nn_ops) with keep_prob is deprecated and will be removed in a future version.
Instructions for updating:
Please use `rate` instead of `keep_prob`. Rate should be set to `rate = 1 - keep_prob`.
W0618 07:30:18.529061 140613530650432 deprecation_wrapper.py:119] From /home/herley/.conda/envs/herley/lib/python3.7/site-packages/keras/optimizers.py:790: The name tf.train.Optimizer is deprecated. Please use tf.compat.v1.train.Optimizer instead.

W0618 07:30:18.540165 140613530650432 deprecation_wrapper.py:119] From /home/herley/.conda/envs/herley/lib/python3.7/site-packages/keras/backend/tensorflow_backend.py:3295: The name tf.log is deprecated. Please use tf.math.log instead.

W0618 07:30:18.634850 140613530650432 deprecation.py:323] From /home/herley/.conda/envs/herley/lib/python3.7/site-packages/tensorflow/python/ops/math_grad.py:1250: add_dispatch_support.<locals>.wrapper (from tensorflow.python.ops.array_ops) is deprecated and will be removed in a future version.
Instructions for updating:
Use tf.where in 2.0, which has the same broadcast rule as np.where
2020-06-18 07:30:21.050739: I tensorflow/core/platform/cpu_feature_guard.cc:142] Your CPU supports instructions that this TensorFlow binary was not compiled to use: SSE4.1 SSE4.2 AVX AVX2 FMA
2020-06-18 07:30:21.073947: I tensorflow/core/platform/profile_utils/cpu_utils.cc:94] CPU Frequency: 3696000000 Hz
2020-06-18 07:30:21.074681: I tensorflow/compiler/xla/service/service.cc:168] XLA service 0x55696cb397a0 executing computations on platform Host. Devices:
2020-06-18 07:30:21.074694: I tensorflow/compiler/xla/service/service.cc:175]   StreamExecutor device (0): <undefined>, <undefined>
2020-06-18 07:30:21.075521: I tensorflow/stream_executor/platform/default/dso_loader.cc:42] Successfully opened dynamic library libcuda.so.1
2020-06-18 07:30:21.092072: I tensorflow/stream_executor/cuda/cuda_gpu_executor.cc:1005] successful NUMA node read from SysFS had negative value (-1), but there must be at least one NUMA node, so returning NUMA node zero
2020-06-18 07:30:21.092619: I tensorflow/core/common_runtime/gpu/gpu_device.cc:1640] Found device 0 with properties: 
name: GeForce GTX 1080 Ti major: 6 minor: 1 memoryClockRate(GHz): 1.6325
pciBusID: 0000:01:00.0
2020-06-18 07:30:21.092734: I tensorflow/stream_executor/platform/default/dso_loader.cc:42] Successfully opened dynamic library libcudart.so.10.1
2020-06-18 07:30:21.093892: I tensorflow/stream_executor/platform/default/dso_loader.cc:42] Successfully opened dynamic library libcublas.so.10
2020-06-18 07:30:21.094897: I tensorflow/stream_executor/platform/default/dso_loader.cc:42] Successfully opened dynamic library libcufft.so.10
2020-06-18 07:30:21.095046: I tensorflow/stream_executor/platform/default/dso_loader.cc:42] Successfully opened dynamic library libcurand.so.10
2020-06-18 07:30:21.096162: I tensorflow/stream_executor/platform/default/dso_loader.cc:42] Successfully opened dynamic library libcusolver.so.10
2020-06-18 07:30:21.096770: I tensorflow/stream_executor/platform/default/dso_loader.cc:42] Successfully opened dynamic library libcusparse.so.10
2020-06-18 07:30:21.099213: I tensorflow/stream_executor/platform/default/dso_loader.cc:42] Successfully opened dynamic library libcudnn.so.7
2020-06-18 07:30:21.099286: I tensorflow/stream_executor/cuda/cuda_gpu_executor.cc:1005] successful NUMA node read from SysFS had negative value (-1), but there must be at least one NUMA node, so returning NUMA node zero
2020-06-18 07:30:21.099848: I tensorflow/stream_executor/cuda/cuda_gpu_executor.cc:1005] successful NUMA node read from SysFS had negative value (-1), but there must be at least one NUMA node, so returning NUMA node zero
2020-06-18 07:30:21.100352: I tensorflow/core/common_runtime/gpu/gpu_device.cc:1763] Adding visible gpu devices: 0
2020-06-18 07:30:21.100374: I tensorflow/stream_executor/platform/default/dso_loader.cc:42] Successfully opened dynamic library libcudart.so.10.1
2020-06-18 07:30:21.161844: I tensorflow/core/common_runtime/gpu/gpu_device.cc:1181] Device interconnect StreamExecutor with strength 1 edge matrix:
2020-06-18 07:30:21.161870: I tensorflow/core/common_runtime/gpu/gpu_device.cc:1187]      0 
2020-06-18 07:30:21.161876: I tensorflow/core/common_runtime/gpu/gpu_device.cc:1200] 0:   N 
2020-06-18 07:30:21.162244: I tensorflow/stream_executor/cuda/cuda_gpu_executor.cc:1005] successful NUMA node read from SysFS had negative value (-1), but there must be at least one NUMA node, so returning NUMA node zero
2020-06-18 07:30:21.162765: I tensorflow/stream_executor/cuda/cuda_gpu_executor.cc:1005] successful NUMA node read from SysFS had negative value (-1), but there must be at least one NUMA node, so returning NUMA node zero
2020-06-18 07:30:21.163239: I tensorflow/stream_executor/cuda/cuda_gpu_executor.cc:1005] successful NUMA node read from SysFS had negative value (-1), but there must be at least one NUMA node, so returning NUMA node zero
2020-06-18 07:30:21.163661: I tensorflow/core/common_runtime/gpu/gpu_device.cc:1326] Created TensorFlow device (/job:localhost/replica:0/task:0/device:GPU:0 with 10388 MB memory) -> physical GPU (device: 0, name: GeForce GTX 1080 Ti, pci bus id: 0000:01:00.0, compute capability: 6.1)
2020-06-18 07:30:21.164654: I tensorflow/compiler/xla/service/service.cc:168] XLA service 0x55697447cc70 executing computations on platform CUDA. Devices:
2020-06-18 07:30:21.164664: I tensorflow/compiler/xla/service/service.cc:175]   StreamExecutor device (0): GeForce GTX 1080 Ti, Compute Capability 6.1
2020-06-18 07:30:24.014509: I tensorflow/stream_executor/platform/default/dso_loader.cc:42] Successfully opened dynamic library libcublas.so.10
>>>Obesity<<<
_________________________________________________________________
Layer (type)                 Output Shape              Param #   
=================================================================
embedding_1 (Embedding)      (None, 150, 128)          64000     
_________________________________________________________________
spatial_dropout1d_1 (Spatial (None, 150, 128)          0         
_________________________________________________________________
lstm_1 (LSTM)                (None, 150, 500)          1258000   
_________________________________________________________________
lstm_2 (LSTM)                (None, 150, 500)          2002000   
_________________________________________________________________
lstm_3 (LSTM)                (None, 150, 500)          2002000   
_________________________________________________________________
lstm_4 (LSTM)                (None, 150, 500)          2002000   
_________________________________________________________________
lstm_5 (LSTM)                (None, 500)               2002000   
_________________________________________________________________
dense_1 (Dense)              (None, 4)                 2004      
=================================================================
Total params: 9,332,004
Trainable params: 9,332,004
Non-trainable params: 0
_________________________________________________________________
None
Train on 603 samples, validate on 67 samples
Epoch 1/50
 - 10s - loss: 1.2528 - acc: 0.2803 - val_loss: 1.2210 - val_acc: 0.7313
Epoch 2/50
 - 3s - loss: 1.2162 - acc: 0.6302 - val_loss: 0.8481 - val_acc: 0.7313
Epoch 3/50
 - 3s - loss: 0.8881 - acc: 0.6302 - val_loss: 1.0409 - val_acc: 0.7313
Epoch 4/50
 - 3s - loss: 1.5545 - acc: 0.6302 - val_loss: 0.5361 - val_acc: 0.7313
Epoch 5/50
 - 3s - loss: 0.6075 - acc: 0.6318 - val_loss: 0.8456 - val_acc: 0.2687
Epoch 6/50
 - 3s - loss: 0.8093 - acc: 0.3698 - val_loss: 0.4917 - val_acc: 0.7313
Epoch 7/50
 - 3s - loss: 0.5794 - acc: 0.6302 - val_loss: 0.4561 - val_acc: 0.7313
Epoch 8/50
 - 3s - loss: 0.6184 - acc: 0.6302 - val_loss: 0.4617 - val_acc: 0.7313
Epoch 9/50
 - 3s - loss: 0.6362 - acc: 0.6302 - val_loss: 0.4556 - val_acc: 0.7313
Epoch 10/50
 - 3s - loss: 0.6028 - acc: 0.6302 - val_loss: 0.4777 - val_acc: 0.7313
Epoch 11/50
 - 3s - loss: 0.5770 - acc: 0.6302 - val_loss: 0.5224 - val_acc: 0.7313
Epoch 12/50
 - 3s - loss: 0.5870 - acc: 0.6302 - val_loss: 0.5381 - val_acc: 0.7313
Epoch 13/50
 - 3s - loss: 0.5933 - acc: 0.6302 - val_loss: 0.5254 - val_acc: 0.7313
Epoch 14/50
 - 3s - loss: 0.5872 - acc: 0.6302 - val_loss: 0.4996 - val_acc: 0.7313
Epoch 15/50
 - 3s - loss: 0.5763 - acc: 0.6302 - val_loss: 0.4773 - val_acc: 0.7313
Epoch 16/50
 - 3s - loss: 0.5726 - acc: 0.6302 - val_loss: 0.4647 - val_acc: 0.7313
Epoch 17/50
 - 3s - loss: 0.5756 - acc: 0.6302 - val_loss: 0.4598 - val_acc: 0.7313
Epoch 18/50
 - 3s - loss: 0.5799 - acc: 0.6302 - val_loss: 0.4596 - val_acc: 0.7313
Epoch 19/50
 - 3s - loss: 0.5779 - acc: 0.6302 - val_loss: 0.4631 - val_acc: 0.7313
Epoch 20/50
 - 3s - loss: 0.5771 - acc: 0.6302 - val_loss: 0.4709 - val_acc: 0.7313
Epoch 21/50
 - 3s - loss: 0.5765 - acc: 0.6302 - val_loss: 0.4822 - val_acc: 0.7313
Epoch 22/50
 - 3s - loss: 0.5742 - acc: 0.6302 - val_loss: 0.4931 - val_acc: 0.7313
Epoch 23/50
 - 3s - loss: 0.5751 - acc: 0.6302 - val_loss: 0.4989 - val_acc: 0.7313
Epoch 24/50
 - 3s - loss: 0.5775 - acc: 0.6302 - val_loss: 0.4974 - val_acc: 0.7313
Epoch 25/50
 - 3s - loss: 0.5784 - acc: 0.6302 - val_loss: 0.4901 - val_acc: 0.7313
Epoch 26/50
 - 3s - loss: 0.5746 - acc: 0.6302 - val_loss: 0.4810 - val_acc: 0.7313
Epoch 27/50
 - 3s - loss: 0.5721 - acc: 0.6302 - val_loss: 0.4733 - val_acc: 0.7313
Epoch 28/50
 - 3s - loss: 0.5727 - acc: 0.6302 - val_loss: 0.4685 - val_acc: 0.7313
Epoch 29/50
 - 3s - loss: 0.5739 - acc: 0.6302 - val_loss: 0.4668 - val_acc: 0.7313
Epoch 30/50
 - 3s - loss: 0.5732 - acc: 0.6302 - val_loss: 0.4677 - val_acc: 0.7313
Epoch 31/50
 - 3s - loss: 0.5732 - acc: 0.6302 - val_loss: 0.4712 - val_acc: 0.7313
Epoch 32/50
 - 3s - loss: 0.5734 - acc: 0.6302 - val_loss: 0.4764 - val_acc: 0.7313
Epoch 33/50
 - 3s - loss: 0.5743 - acc: 0.6302 - val_loss: 0.4824 - val_acc: 0.7313
Epoch 34/50
 - 3s - loss: 0.5719 - acc: 0.6302 - val_loss: 0.4874 - val_acc: 0.7313
Epoch 35/50
 - 3s - loss: 0.5734 - acc: 0.6302 - val_loss: 0.4898 - val_acc: 0.7313
Epoch 36/50
 - 3s - loss: 0.5740 - acc: 0.6302 - val_loss: 0.4889 - val_acc: 0.7313
Epoch 37/50
 - 3s - loss: 0.5729 - acc: 0.6302 - val_loss: 0.4853 - val_acc: 0.7313
Epoch 38/50
 - 3s - loss: 0.5722 - acc: 0.6302 - val_loss: 0.4807 - val_acc: 0.7313
Epoch 39/50
 - 3s - loss: 0.5717 - acc: 0.6302 - val_loss: 0.4766 - val_acc: 0.7313
Epoch 40/50
 - 3s - loss: 0.5708 - acc: 0.6302 - val_loss: 0.4738 - val_acc: 0.7313
Epoch 41/50
 - 3s - loss: 0.5722 - acc: 0.6302 - val_loss: 0.4730 - val_acc: 0.7313
Epoch 42/50
 - 3s - loss: 0.5718 - acc: 0.6302 - val_loss: 0.4740 - val_acc: 0.7313
Epoch 43/50
 - 3s - loss: 0.5709 - acc: 0.6302 - val_loss: 0.4765 - val_acc: 0.7313
Epoch 44/50
 - 3s - loss: 0.5706 - acc: 0.6302 - val_loss: 0.4798 - val_acc: 0.7313
Epoch 45/50
 - 3s - loss: 0.5686 - acc: 0.6302 - val_loss: 0.4825 - val_acc: 0.7313
Epoch 46/50
 - 3s - loss: 0.5666 - acc: 0.6302 - val_loss: 0.4833 - val_acc: 0.7313
Epoch 47/50
 - 3s - loss: 0.5623 - acc: 0.6302 - val_loss: 0.4806 - val_acc: 0.7313
Epoch 48/50
 - 3s - loss: 0.5574 - acc: 0.6302 - val_loss: 0.4810 - val_acc: 0.7313
Epoch 49/50
 - 3s - loss: 0.5478 - acc: 0.6385 - val_loss: 0.5328 - val_acc: 0.6716
Epoch 50/50
 - 3s - loss: 0.9266 - acc: 0.6418 - val_loss: 0.4901 - val_acc: 0.7313
Akurasi:  0.6383928571428571
>>>Diabetes Mellitus<<<
_________________________________________________________________
Layer (type)                 Output Shape              Param #   
=================================================================
embedding_2 (Embedding)      (None, 150, 128)          64000     
_________________________________________________________________
spatial_dropout1d_2 (Spatial (None, 150, 128)          0         
_________________________________________________________________
lstm_6 (LSTM)                (None, 150, 500)          1258000   
_________________________________________________________________
lstm_7 (LSTM)                (None, 150, 500)          2002000   
_________________________________________________________________
lstm_8 (LSTM)                (None, 150, 500)          2002000   
_________________________________________________________________
lstm_9 (LSTM)                (None, 150, 500)          2002000   
_________________________________________________________________
lstm_10 (LSTM)               (None, 500)               2002000   
_________________________________________________________________
dense_2 (Dense)              (None, 4)                 2004      
=================================================================
Total params: 9,332,004
Trainable params: 9,332,004
Non-trainable params: 0
_________________________________________________________________
None
Train on 603 samples, validate on 67 samples
Epoch 1/50
 - 7s - loss: 1.3219 - acc: 0.2421 - val_loss: 1.2624 - val_acc: 0.8209
Epoch 2/50
 - 3s - loss: 1.2794 - acc: 0.8325 - val_loss: 0.8878 - val_acc: 0.8209
Epoch 3/50
 - 3s - loss: 0.8937 - acc: 0.8325 - val_loss: 1.1629 - val_acc: 0.8209
Epoch 4/50
 - 3s - loss: 1.1376 - acc: 0.8325 - val_loss: 0.6116 - val_acc: 0.8209
Epoch 5/50
 - 3s - loss: 0.6034 - acc: 0.8325 - val_loss: 0.4063 - val_acc: 0.8209
Epoch 6/50
 - 3s - loss: 0.4145 - acc: 0.8325 - val_loss: 0.4974 - val_acc: 0.8209
Epoch 7/50
 - 3s - loss: 0.5058 - acc: 0.8325 - val_loss: 0.4081 - val_acc: 0.8209
Epoch 8/50
 - 3s - loss: 0.4163 - acc: 0.8325 - val_loss: 0.3644 - val_acc: 0.8209
Epoch 9/50
 - 3s - loss: 0.3693 - acc: 0.8325 - val_loss: 0.3796 - val_acc: 0.8209
Epoch 10/50
 - 3s - loss: 0.3858 - acc: 0.8325 - val_loss: 0.3930 - val_acc: 0.8209
Epoch 11/50
 - 3s - loss: 0.3991 - acc: 0.8325 - val_loss: 0.3843 - val_acc: 0.8209
Epoch 12/50
 - 3s - loss: 0.3903 - acc: 0.8325 - val_loss: 0.3650 - val_acc: 0.8209
Epoch 13/50
 - 3s - loss: 0.3728 - acc: 0.8325 - val_loss: 0.3581 - val_acc: 0.8209
Epoch 14/50
 - 3s - loss: 0.3652 - acc: 0.8325 - val_loss: 0.3727 - val_acc: 0.8209
Epoch 15/50
 - 3s - loss: 0.3803 - acc: 0.8325 - val_loss: 0.3757 - val_acc: 0.8209
Epoch 16/50
 - 3s - loss: 0.3840 - acc: 0.8325 - val_loss: 0.3633 - val_acc: 0.8209
Epoch 17/50
 - 3s - loss: 0.3713 - acc: 0.8325 - val_loss: 0.3575 - val_acc: 0.8209
Epoch 18/50
 - 3s - loss: 0.3649 - acc: 0.8325 - val_loss: 0.3606 - val_acc: 0.8209
Epoch 19/50
 - 3s - loss: 0.3670 - acc: 0.8325 - val_loss: 0.3653 - val_acc: 0.8209
Epoch 20/50
 - 3s - loss: 0.3705 - acc: 0.8325 - val_loss: 0.3668 - val_acc: 0.8209
Epoch 21/50
 - 3s - loss: 0.3735 - acc: 0.8325 - val_loss: 0.3648 - val_acc: 0.8209
Epoch 22/50
 - 3s - loss: 0.3706 - acc: 0.8325 - val_loss: 0.3611 - val_acc: 0.8209
Epoch 23/50
 - 3s - loss: 0.3674 - acc: 0.8325 - val_loss: 0.3584 - val_acc: 0.8209
Epoch 24/50
 - 3s - loss: 0.3647 - acc: 0.8325 - val_loss: 0.3583 - val_acc: 0.8209
Epoch 25/50
 - 3s - loss: 0.3640 - acc: 0.8325 - val_loss: 0.3603 - val_acc: 0.8209
Epoch 26/50
 - 3s - loss: 0.3661 - acc: 0.8325 - val_loss: 0.3620 - val_acc: 0.8209
Epoch 27/50
 - 3s - loss: 0.3683 - acc: 0.8325 - val_loss: 0.3618 - val_acc: 0.8209
Epoch 28/50
 - 3s - loss: 0.3676 - acc: 0.8325 - val_loss: 0.3600 - val_acc: 0.8209
Epoch 29/50
 - 3s - loss: 0.3654 - acc: 0.8325 - val_loss: 0.3584 - val_acc: 0.8209
Epoch 30/50
 - 3s - loss: 0.3648 - acc: 0.8325 - val_loss: 0.3582 - val_acc: 0.8209
Epoch 31/50
 - 3s - loss: 0.3629 - acc: 0.8325 - val_loss: 0.3590 - val_acc: 0.8209
Epoch 32/50
 - 3s - loss: 0.3648 - acc: 0.8325 - val_loss: 0.3599 - val_acc: 0.8209
Epoch 33/50
 - 3s - loss: 0.3659 - acc: 0.8325 - val_loss: 0.3603 - val_acc: 0.8209
Epoch 34/50
 - 3s - loss: 0.3647 - acc: 0.8325 - val_loss: 0.3599 - val_acc: 0.8209
Epoch 35/50
 - 3s - loss: 0.3641 - acc: 0.8325 - val_loss: 0.3591 - val_acc: 0.8209
Epoch 36/50
 - 3s - loss: 0.3646 - acc: 0.8325 - val_loss: 0.3584 - val_acc: 0.8209
Epoch 37/50
 - 3s - loss: 0.3638 - acc: 0.8325 - val_loss: 0.3582 - val_acc: 0.8209
Epoch 38/50
 - 3s - loss: 0.3632 - acc: 0.8325 - val_loss: 0.3586 - val_acc: 0.8209
Epoch 39/50
 - 3s - loss: 0.3638 - acc: 0.8325 - val_loss: 0.3590 - val_acc: 0.8209
Epoch 40/50
 - 3s - loss: 0.3647 - acc: 0.8325 - val_loss: 0.3591 - val_acc: 0.8209
Epoch 41/50
 - 3s - loss: 0.3636 - acc: 0.8325 - val_loss: 0.3588 - val_acc: 0.8209
Epoch 42/50
 - 3s - loss: 0.3642 - acc: 0.8325 - val_loss: 0.3584 - val_acc: 0.8209
Epoch 43/50
 - 3s - loss: 0.3622 - acc: 0.8325 - val_loss: 0.3582 - val_acc: 0.8209
Epoch 44/50
 - 3s - loss: 0.3644 - acc: 0.8325 - val_loss: 0.3583 - val_acc: 0.8209
Epoch 45/50
 - 3s - loss: 0.3640 - acc: 0.8325 - val_loss: 0.3586 - val_acc: 0.8209
Epoch 46/50
 - 3s - loss: 0.3629 - acc: 0.8325 - val_loss: 0.3588 - val_acc: 0.8209
Epoch 47/50
 - 3s - loss: 0.3641 - acc: 0.8325 - val_loss: 0.3587 - val_acc: 0.8209
Epoch 48/50
 - 3s - loss: 0.3626 - acc: 0.8325 - val_loss: 0.3585 - val_acc: 0.8209
Epoch 49/50
 - 3s - loss: 0.3641 - acc: 0.8325 - val_loss: 0.3583 - val_acc: 0.8209
Epoch 50/50
 - 3s - loss: 0.3642 - acc: 0.8325 - val_loss: 0.3582 - val_acc: 0.8209
Akurasi:  0.8236607142857143
>>>Hypercholestrolemia<<<
_________________________________________________________________
Layer (type)                 Output Shape              Param #   
=================================================================
embedding_3 (Embedding)      (None, 150, 128)          64000     
_________________________________________________________________
spatial_dropout1d_3 (Spatial (None, 150, 128)          0         
_________________________________________________________________
lstm_11 (LSTM)               (None, 150, 500)          1258000   
_________________________________________________________________
lstm_12 (LSTM)               (None, 150, 500)          2002000   
_________________________________________________________________
lstm_13 (LSTM)               (None, 150, 500)          2002000   
_________________________________________________________________
lstm_14 (LSTM)               (None, 150, 500)          2002000   
_________________________________________________________________
lstm_15 (LSTM)               (None, 500)               2002000   
_________________________________________________________________
dense_3 (Dense)              (None, 4)                 2004      
=================================================================
Total params: 9,332,004
Trainable params: 9,332,004
Non-trainable params: 0
_________________________________________________________________
None
Train on 603 samples, validate on 67 samples
Epoch 1/50
 - 7s - loss: 1.2437 - acc: 0.2322 - val_loss: 1.2457 - val_acc: 0.8358
Epoch 2/50
 - 3s - loss: 1.2107 - acc: 0.7794 - val_loss: 0.9238 - val_acc: 0.8358
Epoch 3/50
 - 3s - loss: 0.9260 - acc: 0.7794 - val_loss: 1.1808 - val_acc: 0.8358
Epoch 4/50
 - 3s - loss: 1.5165 - acc: 0.7794 - val_loss: 0.4423 - val_acc: 0.8358
Epoch 5/50
 - 3s - loss: 0.5135 - acc: 0.7794 - val_loss: 0.8559 - val_acc: 0.1642
Epoch 6/50
 - 3s - loss: 0.7982 - acc: 0.2206 - val_loss: 0.7401 - val_acc: 0.8358
Epoch 7/50
 - 3s - loss: 0.7218 - acc: 0.7247 - val_loss: 0.6098 - val_acc: 0.8358
Epoch 8/50
 - 3s - loss: 0.6209 - acc: 0.7794 - val_loss: 0.4715 - val_acc: 0.8358
Epoch 9/50
 - 3s - loss: 0.5188 - acc: 0.7794 - val_loss: 0.4358 - val_acc: 0.8358
Epoch 10/50
 - 3s - loss: 0.5147 - acc: 0.7794 - val_loss: 0.4338 - val_acc: 0.8358
Epoch 11/50
 - 3s - loss: 0.5231 - acc: 0.7794 - val_loss: 0.4340 - val_acc: 0.8358
Epoch 12/50
 - 3s - loss: 0.5064 - acc: 0.7794 - val_loss: 0.4668 - val_acc: 0.8358
Epoch 13/50
 - 3s - loss: 0.5045 - acc: 0.7794 - val_loss: 0.4993 - val_acc: 0.8358
Epoch 14/50
 - 3s - loss: 0.5207 - acc: 0.7794 - val_loss: 0.4676 - val_acc: 0.8358
Epoch 15/50
 - 3s - loss: 0.5065 - acc: 0.7794 - val_loss: 0.4380 - val_acc: 0.8358
Epoch 16/50
 - 3s - loss: 0.5020 - acc: 0.7794 - val_loss: 0.4321 - val_acc: 0.8358
Epoch 17/50
 - 3s - loss: 0.5114 - acc: 0.7794 - val_loss: 0.4322 - val_acc: 0.8358
Epoch 18/50
 - 3s - loss: 0.5108 - acc: 0.7794 - val_loss: 0.4369 - val_acc: 0.8358
Epoch 19/50
 - 3s - loss: 0.5024 - acc: 0.7794 - val_loss: 0.4533 - val_acc: 0.8358
Epoch 20/50
 - 3s - loss: 0.5000 - acc: 0.7794 - val_loss: 0.4707 - val_acc: 0.8358
Epoch 21/50
 - 3s - loss: 0.5058 - acc: 0.7794 - val_loss: 0.4689 - val_acc: 0.8358
Epoch 22/50
 - 3s - loss: 0.5055 - acc: 0.7794 - val_loss: 0.4526 - val_acc: 0.8358
Epoch 23/50
 - 3s - loss: 0.5001 - acc: 0.7794 - val_loss: 0.4396 - val_acc: 0.8358
Epoch 24/50
 - 3s - loss: 0.5018 - acc: 0.7794 - val_loss: 0.4348 - val_acc: 0.8358
Epoch 25/50
 - 3s - loss: 0.5031 - acc: 0.7794 - val_loss: 0.4346 - val_acc: 0.8358
Epoch 26/50
 - 3s - loss: 0.5054 - acc: 0.7794 - val_loss: 0.4381 - val_acc: 0.8358
Epoch 27/50
 - 3s - loss: 0.5004 - acc: 0.7794 - val_loss: 0.4465 - val_acc: 0.8358
Epoch 28/50
 - 3s - loss: 0.4995 - acc: 0.7794 - val_loss: 0.4568 - val_acc: 0.8358
Epoch 29/50
 - 3s - loss: 0.5007 - acc: 0.7794 - val_loss: 0.4608 - val_acc: 0.8358
Epoch 30/50
 - 3s - loss: 0.5051 - acc: 0.7794 - val_loss: 0.4553 - val_acc: 0.8358
Epoch 31/50
 - 3s - loss: 0.5003 - acc: 0.7794 - val_loss: 0.4462 - val_acc: 0.8358
Epoch 32/50
 - 3s - loss: 0.4989 - acc: 0.7794 - val_loss: 0.4396 - val_acc: 0.8358
Epoch 33/50
 - 3s - loss: 0.5003 - acc: 0.7794 - val_loss: 0.4369 - val_acc: 0.8358
Epoch 34/50
 - 3s - loss: 0.5007 - acc: 0.7794 - val_loss: 0.4373 - val_acc: 0.8358
Epoch 35/50
 - 3s - loss: 0.5004 - acc: 0.7794 - val_loss: 0.4408 - val_acc: 0.8358
Epoch 36/50
 - 3s - loss: 0.4988 - acc: 0.7794 - val_loss: 0.4467 - val_acc: 0.8358
Epoch 37/50
 - 3s - loss: 0.4981 - acc: 0.7794 - val_loss: 0.4521 - val_acc: 0.8358
Epoch 38/50
 - 3s - loss: 0.4987 - acc: 0.7794 - val_loss: 0.4530 - val_acc: 0.8358
Epoch 39/50
 - 3s - loss: 0.4984 - acc: 0.7794 - val_loss: 0.4485 - val_acc: 0.8358
Epoch 40/50
 - 3s - loss: 0.4958 - acc: 0.7794 - val_loss: 0.4426 - val_acc: 0.8358
Epoch 41/50
 - 3s - loss: 0.4944 - acc: 0.7794 - val_loss: 0.4379 - val_acc: 0.8358
Epoch 42/50
 - 3s - loss: 0.4925 - acc: 0.7794 - val_loss: 0.4356 - val_acc: 0.8358
Epoch 43/50
 - 3s - loss: 0.4918 - acc: 0.7794 - val_loss: 0.4358 - val_acc: 0.8358
Epoch 44/50
 - 3s - loss: 0.4876 - acc: 0.7794 - val_loss: 0.4383 - val_acc: 0.8358
Epoch 45/50
 - 3s - loss: 0.4813 - acc: 0.7794 - val_loss: 0.4387 - val_acc: 0.8358
Epoch 46/50
 - 3s - loss: 0.7605 - acc: 0.7546 - val_loss: 0.4453 - val_acc: 0.8358
Epoch 47/50
 - 3s - loss: 0.4766 - acc: 0.7794 - val_loss: 0.4327 - val_acc: 0.8358
Epoch 48/50
 - 3s - loss: 0.4761 - acc: 0.7794 - val_loss: 0.4225 - val_acc: 0.8358
Epoch 49/50
 - 3s - loss: 0.4764 - acc: 0.7794 - val_loss: 0.4218 - val_acc: 0.8358
Epoch 50/50
 - 3s - loss: 0.4750 - acc: 0.7778 - val_loss: 0.4420 - val_acc: 0.8358
Akurasi:  0.6696428571428571
>>>Hypertriglyceridemia<<<
_________________________________________________________________
Layer (type)                 Output Shape              Param #   
=================================================================
embedding_4 (Embedding)      (None, 150, 128)          64000     
_________________________________________________________________
spatial_dropout1d_4 (Spatial (None, 150, 128)          0         
_________________________________________________________________
lstm_16 (LSTM)               (None, 150, 500)          1258000   
_________________________________________________________________
lstm_17 (LSTM)               (None, 150, 500)          2002000   
_________________________________________________________________
lstm_18 (LSTM)               (None, 150, 500)          2002000   
_________________________________________________________________
lstm_19 (LSTM)               (None, 150, 500)          2002000   
_________________________________________________________________
lstm_20 (LSTM)               (None, 500)               2002000   
_________________________________________________________________
dense_4 (Dense)              (None, 4)                 2004      
=================================================================
Total params: 9,332,004
Trainable params: 9,332,004
Non-trainable params: 0
_________________________________________________________________
None
Train on 603 samples, validate on 67 samples
Epoch 1/50
 - 8s - loss: 1.2621 - acc: 0.2703 - val_loss: 1.2731 - val_acc: 0.5224
Epoch 2/50
 - 3s - loss: 1.2300 - acc: 0.5655 - val_loss: 1.0160 - val_acc: 0.5224
Epoch 3/50
 - 3s - loss: 0.9537 - acc: 0.5655 - val_loss: 1.8299 - val_acc: 0.5224
Epoch 4/50
 - 3s - loss: 1.4019 - acc: 0.5655 - val_loss: 0.8744 - val_acc: 0.4030
Epoch 5/50
 - 3s - loss: 0.7846 - acc: 0.3433 - val_loss: 0.7689 - val_acc: 0.4030
Epoch 6/50
 - 3s - loss: 0.6805 - acc: 0.3449 - val_loss: 0.7354 - val_acc: 0.5224
Epoch 7/50
 - 4s - loss: 0.6192 - acc: 0.5655 - val_loss: 0.7845 - val_acc: 0.5224
Epoch 8/50
 - 3s - loss: 0.6449 - acc: 0.5655 - val_loss: 0.7996 - val_acc: 0.5224
Epoch 9/50
 - 3s - loss: 0.6551 - acc: 0.5655 - val_loss: 0.7726 - val_acc: 0.5224
Epoch 10/50
 - 3s - loss: 0.6419 - acc: 0.5655 - val_loss: 0.7397 - val_acc: 0.5224
Epoch 11/50
 - 3s - loss: 0.6243 - acc: 0.5655 - val_loss: 0.7237 - val_acc: 0.5224
Epoch 12/50
 - 3s - loss: 0.6205 - acc: 0.5655 - val_loss: 0.7244 - val_acc: 0.5224
Epoch 13/50
 - 3s - loss: 0.6252 - acc: 0.5655 - val_loss: 0.7299 - val_acc: 0.5224
Epoch 14/50
 - 4s - loss: 0.6319 - acc: 0.5638 - val_loss: 0.7334 - val_acc: 0.5224
Epoch 15/50
 - 3s - loss: 0.6239 - acc: 0.5655 - val_loss: 0.7396 - val_acc: 0.5224
Epoch 16/50
 - 3s - loss: 0.6162 - acc: 0.5655 - val_loss: 0.7534 - val_acc: 0.5224
Epoch 17/50
 - 3s - loss: 0.6180 - acc: 0.5655 - val_loss: 0.7689 - val_acc: 0.5224
Epoch 18/50
 - 3s - loss: 0.6208 - acc: 0.5655 - val_loss: 0.7761 - val_acc: 0.5224
Epoch 19/50
 - 3s - loss: 0.6228 - acc: 0.5655 - val_loss: 0.7718 - val_acc: 0.5224
Epoch 20/50
 - 3s - loss: 0.6197 - acc: 0.5655 - val_loss: 0.7616 - val_acc: 0.5224
Epoch 21/50
 - 3s - loss: 0.6168 - acc: 0.5655 - val_loss: 0.7531 - val_acc: 0.5224
Epoch 22/50
 - 3s - loss: 0.6158 - acc: 0.5655 - val_loss: 0.7494 - val_acc: 0.5224
Epoch 23/50
 - 3s - loss: 0.6178 - acc: 0.5655 - val_loss: 0.7486 - val_acc: 0.5224
Epoch 24/50
 - 3s - loss: 0.6198 - acc: 0.5655 - val_loss: 0.7486 - val_acc: 0.5224
Epoch 25/50
 - 3s - loss: 0.6189 - acc: 0.5655 - val_loss: 0.7503 - val_acc: 0.5224
Epoch 26/50
 - 3s - loss: 0.6157 - acc: 0.5655 - val_loss: 0.7548 - val_acc: 0.5224
Epoch 27/50
 - 3s - loss: 0.6155 - acc: 0.5655 - val_loss: 0.7605 - val_acc: 0.5224
Epoch 28/50
 - 3s - loss: 0.6168 - acc: 0.5655 - val_loss: 0.7640 - val_acc: 0.5224
Epoch 29/50
 - 3s - loss: 0.6160 - acc: 0.5655 - val_loss: 0.7626 - val_acc: 0.5224
Epoch 30/50
 - 3s - loss: 0.6197 - acc: 0.5655 - val_loss: 0.7571 - val_acc: 0.5224
Epoch 31/50
 - 4s - loss: 0.6170 - acc: 0.5655 - val_loss: 0.7504 - val_acc: 0.5224
Epoch 32/50
 - 3s - loss: 0.6163 - acc: 0.5655 - val_loss: 0.7451 - val_acc: 0.5224
Epoch 33/50
 - 3s - loss: 0.6144 - acc: 0.5655 - val_loss: 0.7420 - val_acc: 0.5224
Epoch 34/50
 - 3s - loss: 0.6154 - acc: 0.5655 - val_loss: 0.7406 - val_acc: 0.5224
Epoch 35/50
 - 4s - loss: 0.6141 - acc: 0.5655 - val_loss: 0.7404 - val_acc: 0.5224
Epoch 36/50
 - 3s - loss: 0.6128 - acc: 0.5655 - val_loss: 0.7419 - val_acc: 0.5224
Epoch 37/50
 - 3s - loss: 0.6120 - acc: 0.5655 - val_loss: 0.7447 - val_acc: 0.5224
Epoch 38/50
 - 3s - loss: 0.6092 - acc: 0.5655 - val_loss: 0.7467 - val_acc: 0.5224
Epoch 39/50
 - 3s - loss: 0.6125 - acc: 0.5655 - val_loss: 0.7458 - val_acc: 0.5224
Epoch 40/50
 - 3s - loss: 0.6104 - acc: 0.5655 - val_loss: 0.7391 - val_acc: 0.5224
Epoch 41/50
 - 3s - loss: 0.6023 - acc: 0.5622 - val_loss: 2.5369 - val_acc: 0.4179
Epoch 42/50
 - 3s - loss: 2.4984 - acc: 0.4793 - val_loss: 0.7553 - val_acc: 0.5224
Epoch 43/50
 - 3s - loss: 0.6112 - acc: 0.5655 - val_loss: 0.7641 - val_acc: 0.5224
Epoch 44/50
 - 3s - loss: 0.6160 - acc: 0.5655 - val_loss: 0.7662 - val_acc: 0.5224
Epoch 45/50
 - 3s - loss: 0.6164 - acc: 0.5655 - val_loss: 0.7657 - val_acc: 0.5224
Epoch 46/50
 - 3s - loss: 0.6140 - acc: 0.5655 - val_loss: 0.7662 - val_acc: 0.5224
Epoch 47/50
 - 3s - loss: 0.6180 - acc: 0.5655 - val_loss: 0.7685 - val_acc: 0.5224
Epoch 48/50
 - 3s - loss: 0.6178 - acc: 0.5655 - val_loss: 0.7725 - val_acc: 0.5224
Epoch 49/50
 - 4s - loss: 0.6188 - acc: 0.5655 - val_loss: 0.7791 - val_acc: 0.5224
Epoch 50/50
 - 3s - loss: 0.6191 - acc: 0.5655 - val_loss: 0.7863 - val_acc: 0.5224
Akurasi:  0.5736607142857143
>>>Hypertension<<<
_________________________________________________________________
Layer (type)                 Output Shape              Param #   
=================================================================
embedding_5 (Embedding)      (None, 150, 128)          64000     
_________________________________________________________________
spatial_dropout1d_5 (Spatial (None, 150, 128)          0         
_________________________________________________________________
lstm_21 (LSTM)               (None, 150, 500)          1258000   
_________________________________________________________________
lstm_22 (LSTM)               (None, 150, 500)          2002000   
_________________________________________________________________
lstm_23 (LSTM)               (None, 150, 500)          2002000   
_________________________________________________________________
lstm_24 (LSTM)               (None, 150, 500)          2002000   
_________________________________________________________________
lstm_25 (LSTM)               (None, 500)               2002000   
_________________________________________________________________
dense_5 (Dense)              (None, 4)                 2004      
=================================================================
Total params: 9,332,004
Trainable params: 9,332,004
Non-trainable params: 0
_________________________________________________________________
None
Train on 603 samples, validate on 67 samples
Epoch 1/50
 - 8s - loss: 0.7977 - acc: 0.2753 - val_loss: 0.7469 - val_acc: 0.3433
Epoch 2/50
 - 4s - loss: 0.7787 - acc: 0.2836 - val_loss: 0.5986 - val_acc: 0.3433
Epoch 3/50
 - 3s - loss: 0.6267 - acc: 0.2786 - val_loss: 0.3781 - val_acc: 0.3433
Epoch 4/50
 - 3s - loss: 0.4192 - acc: 0.2803 - val_loss: 1.1822 - val_acc: 0.2090
Epoch 5/50
 - 3s - loss: 0.9937 - acc: 0.2869 - val_loss: 0.3993 - val_acc: 0.3433
Epoch 6/50
 - 3s - loss: 0.5222 - acc: 0.2869 - val_loss: 0.4005 - val_acc: 0.3433
Epoch 7/50
 - 3s - loss: 0.5276 - acc: 0.2869 - val_loss: 0.3909 - val_acc: 0.2090
Epoch 8/50
 - 3s - loss: 0.4170 - acc: 0.2968 - val_loss: 0.5069 - val_acc: 0.2090
Epoch 9/50
 - 3s - loss: 0.4716 - acc: 0.2869 - val_loss: 0.4722 - val_acc: 0.2090
Epoch 10/50
 - 3s - loss: 0.4535 - acc: 0.2869 - val_loss: 0.3869 - val_acc: 0.2090
Epoch 11/50
 - 4s - loss: 0.4153 - acc: 0.2968 - val_loss: 0.3665 - val_acc: 0.3433
Epoch 12/50
 - 3s - loss: 0.4383 - acc: 0.2869 - val_loss: 0.3691 - val_acc: 0.3433
Epoch 13/50
 - 3s - loss: 0.4515 - acc: 0.2869 - val_loss: 0.3667 - val_acc: 0.3433
Epoch 14/50
 - 3s - loss: 0.4283 - acc: 0.2869 - val_loss: 0.3855 - val_acc: 0.2090
Epoch 15/50
 - 4s - loss: 0.4147 - acc: 0.2587 - val_loss: 0.4228 - val_acc: 0.2090
Epoch 16/50
 - 4s - loss: 0.4247 - acc: 0.2869 - val_loss: 0.4396 - val_acc: 0.2090
Epoch 17/50
 - 3s - loss: 0.4329 - acc: 0.2869 - val_loss: 0.4220 - val_acc: 0.2090
Epoch 18/50
 - 4s - loss: 0.4233 - acc: 0.2869 - val_loss: 0.3915 - val_acc: 0.2090
Epoch 19/50
 - 3s - loss: 0.4120 - acc: 0.2935 - val_loss: 0.3726 - val_acc: 0.3433
Epoch 20/50
 - 3s - loss: 0.4137 - acc: 0.2869 - val_loss: 0.3674 - val_acc: 0.3433
Epoch 21/50
 - 3s - loss: 0.4223 - acc: 0.2869 - val_loss: 0.3675 - val_acc: 0.3433
Epoch 22/50
 - 3s - loss: 0.4206 - acc: 0.2869 - val_loss: 0.3716 - val_acc: 0.3433
Epoch 23/50
 - 3s - loss: 0.4135 - acc: 0.2869 - val_loss: 0.3837 - val_acc: 0.2090
Epoch 24/50
 - 4s - loss: 0.4104 - acc: 0.2902 - val_loss: 0.4005 - val_acc: 0.2090
Epoch 25/50
 - 4s - loss: 0.4129 - acc: 0.2869 - val_loss: 0.4111 - val_acc: 0.2090
Epoch 26/50
 - 4s - loss: 0.4162 - acc: 0.2869 - val_loss: 0.4082 - val_acc: 0.2090
Epoch 27/50
 - 3s - loss: 0.4133 - acc: 0.2869 - val_loss: 0.3956 - val_acc: 0.2090
Epoch 28/50
 - 4s - loss: 0.4103 - acc: 0.2886 - val_loss: 0.3826 - val_acc: 0.3433
Epoch 29/50
 - 3s - loss: 0.4085 - acc: 0.2952 - val_loss: 0.3750 - val_acc: 0.3433
Epoch 30/50
 - 3s - loss: 0.4120 - acc: 0.2869 - val_loss: 0.3728 - val_acc: 0.3433
Epoch 31/50
 - 4s - loss: 0.4122 - acc: 0.2869 - val_loss: 0.3745 - val_acc: 0.3433
Epoch 32/50
 - 3s - loss: 0.4130 - acc: 0.2869 - val_loss: 0.3800 - val_acc: 0.3433
Epoch 33/50
 - 4s - loss: 0.4105 - acc: 0.2819 - val_loss: 0.3888 - val_acc: 0.2090
Epoch 34/50
 - 4s - loss: 0.4096 - acc: 0.2985 - val_loss: 0.3975 - val_acc: 0.2090
Epoch 35/50
 - 3s - loss: 0.4127 - acc: 0.2869 - val_loss: 0.4008 - val_acc: 0.2090
Epoch 36/50
 - 4s - loss: 0.4117 - acc: 0.2919 - val_loss: 0.3973 - val_acc: 0.2090
Epoch 37/50
 - 3s - loss: 0.4617 - acc: 0.2869 - val_loss: 0.3900 - val_acc: 0.2090
Epoch 38/50
 - 3s - loss: 0.4103 - acc: 0.2869 - val_loss: 0.3828 - val_acc: 0.3433
Epoch 39/50
 - 3s - loss: 0.4096 - acc: 0.2886 - val_loss: 0.3784 - val_acc: 0.3433
Epoch 40/50
 - 3s - loss: 0.4101 - acc: 0.2852 - val_loss: 0.3772 - val_acc: 0.3433
Epoch 41/50
 - 4s - loss: 0.4106 - acc: 0.2852 - val_loss: 0.3791 - val_acc: 0.3433
Epoch 42/50
 - 3s - loss: 0.4098 - acc: 0.2819 - val_loss: 0.3835 - val_acc: 0.3433
Epoch 43/50
 - 3s - loss: 0.4091 - acc: 0.2869 - val_loss: 0.3889 - val_acc: 0.2090
Epoch 44/50
 - 3s - loss: 0.4110 - acc: 0.2620 - val_loss: 0.3926 - val_acc: 0.2090
Akurasi:  0.3325892857142857
>>>Atherosclerotic CV<<<
_________________________________________________________________
Layer (type)                 Output Shape              Param #   
=================================================================
embedding_6 (Embedding)      (None, 150, 128)          64000     
_________________________________________________________________
spatial_dropout1d_6 (Spatial (None, 150, 128)          0         
_________________________________________________________________
lstm_26 (LSTM)               (None, 150, 500)          1258000   
_________________________________________________________________
lstm_27 (LSTM)               (None, 150, 500)          2002000   
_________________________________________________________________
lstm_28 (LSTM)               (None, 150, 500)          2002000   
_________________________________________________________________
lstm_29 (LSTM)               (None, 150, 500)          2002000   
_________________________________________________________________
lstm_30 (LSTM)               (None, 500)               2002000   
_________________________________________________________________
dense_6 (Dense)              (None, 4)                 2004      
=================================================================
Total params: 9,332,004
Trainable params: 9,332,004
Non-trainable params: 0
_________________________________________________________________
None
Train on 603 samples, validate on 67 samples
Epoch 1/50
 - 8s - loss: 1.3081 - acc: 0.2388 - val_loss: 1.2393 - val_acc: 0.8060
Epoch 2/50
 - 3s - loss: 1.2646 - acc: 0.8126 - val_loss: 0.8291 - val_acc: 0.8060
Epoch 3/50
 - 3s - loss: 0.8557 - acc: 0.8126 - val_loss: 1.2521 - val_acc: 0.8060
Epoch 4/50
 - 3s - loss: 1.3416 - acc: 0.8126 - val_loss: 0.6344 - val_acc: 0.8060
Epoch 5/50
 - 3s - loss: 0.6890 - acc: 0.8126 - val_loss: 0.4082 - val_acc: 0.8060
Epoch 6/50
 - 3s - loss: 0.4338 - acc: 0.8126 - val_loss: 0.5232 - val_acc: 0.8060
Epoch 7/50
 - 3s - loss: 0.5397 - acc: 0.8126 - val_loss: 0.4254 - val_acc: 0.8060
Epoch 8/50
 - 3s - loss: 0.4462 - acc: 0.8126 - val_loss: 0.3641 - val_acc: 0.8060
Epoch 9/50
 - 3s - loss: 0.3893 - acc: 0.8126 - val_loss: 0.3692 - val_acc: 0.8060
Epoch 10/50
 - 3s - loss: 0.3989 - acc: 0.8126 - val_loss: 0.3831 - val_acc: 0.8060
Epoch 11/50
 - 3s - loss: 0.4151 - acc: 0.8126 - val_loss: 0.3800 - val_acc: 0.8060
Epoch 12/50
 - 3s - loss: 0.4097 - acc: 0.8126 - val_loss: 0.3653 - val_acc: 0.8060
Epoch 13/50
 - 3s - loss: 0.3930 - acc: 0.8126 - val_loss: 0.3605 - val_acc: 0.8060
Epoch 14/50
 - 3s - loss: 0.3825 - acc: 0.8126 - val_loss: 0.3796 - val_acc: 0.8060
Epoch 15/50
 - 3s - loss: 0.3976 - acc: 0.8126 - val_loss: 0.3852 - val_acc: 0.8060
Epoch 16/50
 - 3s - loss: 0.4028 - acc: 0.8126 - val_loss: 0.3689 - val_acc: 0.8060
Epoch 17/50
 - 3s - loss: 0.3858 - acc: 0.8126 - val_loss: 0.3588 - val_acc: 0.8060
Epoch 18/50
 - 3s - loss: 0.3814 - acc: 0.8126 - val_loss: 0.3589 - val_acc: 0.8060
Epoch 19/50
 - 3s - loss: 0.3859 - acc: 0.8126 - val_loss: 0.3617 - val_acc: 0.8060
Epoch 20/50
 - 3s - loss: 0.3892 - acc: 0.8126 - val_loss: 0.3624 - val_acc: 0.8060
Epoch 21/50
 - 3s - loss: 0.3896 - acc: 0.8126 - val_loss: 0.3606 - val_acc: 0.8060
Epoch 22/50
 - 3s - loss: 0.3885 - acc: 0.8126 - val_loss: 0.3579 - val_acc: 0.8060
Epoch 23/50
 - 3s - loss: 0.3835 - acc: 0.8126 - val_loss: 0.3569 - val_acc: 0.8060
Epoch 24/50
 - 3s - loss: 0.3811 - acc: 0.8126 - val_loss: 0.3587 - val_acc: 0.8060
Epoch 25/50
 - 3s - loss: 0.3812 - acc: 0.8126 - val_loss: 0.3619 - val_acc: 0.8060
Epoch 26/50
 - 3s - loss: 0.3828 - acc: 0.8126 - val_loss: 0.3638 - val_acc: 0.8060
Epoch 27/50
 - 3s - loss: 0.3855 - acc: 0.8126 - val_loss: 0.3629 - val_acc: 0.8060
Epoch 28/50
 - 3s - loss: 0.3847 - acc: 0.8126 - val_loss: 0.3602 - val_acc: 0.8060
Epoch 29/50
 - 3s - loss: 0.3825 - acc: 0.8126 - val_loss: 0.3577 - val_acc: 0.8060
Epoch 30/50
 - 3s - loss: 0.3810 - acc: 0.8126 - val_loss: 0.3565 - val_acc: 0.8060
Epoch 31/50
 - 3s - loss: 0.3809 - acc: 0.8126 - val_loss: 0.3564 - val_acc: 0.8060
Epoch 32/50
 - 3s - loss: 0.3816 - acc: 0.8126 - val_loss: 0.3568 - val_acc: 0.8060
Epoch 33/50
 - 3s - loss: 0.3832 - acc: 0.8126 - val_loss: 0.3569 - val_acc: 0.8060
Epoch 34/50
 - 3s - loss: 0.3826 - acc: 0.8126 - val_loss: 0.3566 - val_acc: 0.8060
Epoch 35/50
 - 3s - loss: 0.3816 - acc: 0.8126 - val_loss: 0.3562 - val_acc: 0.8060
Epoch 36/50
 - 3s - loss: 0.3804 - acc: 0.8126 - val_loss: 0.3563 - val_acc: 0.8060
Epoch 37/50
 - 3s - loss: 0.3805 - acc: 0.8126 - val_loss: 0.3569 - val_acc: 0.8060
Epoch 38/50
 - 3s - loss: 0.3805 - acc: 0.8126 - val_loss: 0.3578 - val_acc: 0.8060
Epoch 39/50
 - 3s - loss: 0.3797 - acc: 0.8126 - val_loss: 0.3585 - val_acc: 0.8060
Epoch 40/50
 - 3s - loss: 0.3815 - acc: 0.8126 - val_loss: 0.3585 - val_acc: 0.8060
Epoch 41/50
 - 3s - loss: 0.3823 - acc: 0.8126 - val_loss: 0.3579 - val_acc: 0.8060
Epoch 42/50
 - 3s - loss: 0.3805 - acc: 0.8126 - val_loss: 0.3570 - val_acc: 0.8060
Epoch 43/50
 - 3s - loss: 0.3808 - acc: 0.8126 - val_loss: 0.3564 - val_acc: 0.8060
Epoch 44/50
 - 3s - loss: 0.3817 - acc: 0.8126 - val_loss: 0.3560 - val_acc: 0.8060
Epoch 45/50
 - 3s - loss: 0.3814 - acc: 0.8126 - val_loss: 0.3559 - val_acc: 0.8060
Epoch 46/50
 - 3s - loss: 0.3815 - acc: 0.8126 - val_loss: 0.3559 - val_acc: 0.8060
Epoch 47/50
 - 3s - loss: 0.3808 - acc: 0.8126 - val_loss: 0.3559 - val_acc: 0.8060
Epoch 48/50
 - 3s - loss: 0.3803 - acc: 0.8126 - val_loss: 0.3559 - val_acc: 0.8060
Epoch 49/50
 - 3s - loss: 0.3814 - acc: 0.8126 - val_loss: 0.3560 - val_acc: 0.8060
Epoch 50/50
 - 3s - loss: 0.3803 - acc: 0.8126 - val_loss: 0.3563 - val_acc: 0.8060
Akurasi:  0.8125
>>>Heart Failure<<<
_________________________________________________________________
Layer (type)                 Output Shape              Param #   
=================================================================
embedding_7 (Embedding)      (None, 150, 128)          64000     
_________________________________________________________________
spatial_dropout1d_7 (Spatial (None, 150, 128)          0         
_________________________________________________________________
lstm_31 (LSTM)               (None, 150, 500)          1258000   
_________________________________________________________________
lstm_32 (LSTM)               (None, 150, 500)          2002000   
_________________________________________________________________
lstm_33 (LSTM)               (None, 150, 500)          2002000   
_________________________________________________________________
lstm_34 (LSTM)               (None, 150, 500)          2002000   
_________________________________________________________________
lstm_35 (LSTM)               (None, 500)               2002000   
_________________________________________________________________
dense_7 (Dense)              (None, 4)                 2004      
=================================================================
Total params: 9,332,004
Trainable params: 9,332,004
Non-trainable params: 0
_________________________________________________________________
None
Train on 603 samples, validate on 67 samples
Epoch 1/50
 - 9s - loss: 1.1978 - acc: 0.2736 - val_loss: 1.1283 - val_acc: 0.6119
Epoch 2/50
 - 3s - loss: 1.1670 - acc: 0.6119 - val_loss: 0.8697 - val_acc: 0.6119
Epoch 3/50
 - 3s - loss: 0.9087 - acc: 0.6119 - val_loss: 1.2728 - val_acc: 0.6119
Epoch 4/50
 - 3s - loss: 1.3809 - acc: 0.6119 - val_loss: 0.4994 - val_acc: 0.6119
Epoch 5/50
 - 3s - loss: 0.5325 - acc: 0.6119 - val_loss: 0.7530 - val_acc: 0.2239
Epoch 6/50
 - 3s - loss: 0.7624 - acc: 0.2521 - val_loss: 0.5862 - val_acc: 0.6119
Epoch 7/50
 - 3s - loss: 0.6130 - acc: 0.6119 - val_loss: 0.5308 - val_acc: 0.6119
Epoch 8/50
 - 3s - loss: 0.5683 - acc: 0.6119 - val_loss: 0.5035 - val_acc: 0.6119
Epoch 9/50
 - 3s - loss: 0.5443 - acc: 0.6119 - val_loss: 0.5219 - val_acc: 0.6119
Epoch 10/50
 - 3s - loss: 0.5724 - acc: 0.6119 - val_loss: 0.5216 - val_acc: 0.6119
Epoch 11/50
 - 3s - loss: 0.5731 - acc: 0.6119 - val_loss: 0.4997 - val_acc: 0.6119
Epoch 12/50
 - 3s - loss: 0.5470 - acc: 0.6119 - val_loss: 0.4863 - val_acc: 0.6119
Epoch 13/50
 - 3s - loss: 0.5239 - acc: 0.6119 - val_loss: 0.5049 - val_acc: 0.6119
Epoch 14/50
 - 3s - loss: 0.5332 - acc: 0.6119 - val_loss: 0.5292 - val_acc: 0.6119
Epoch 15/50
 - 3s - loss: 0.5543 - acc: 0.6119 - val_loss: 0.5221 - val_acc: 0.6119
Epoch 16/50
 - 3s - loss: 0.5466 - acc: 0.6119 - val_loss: 0.4993 - val_acc: 0.6119
Epoch 17/50
 - 3s - loss: 0.5302 - acc: 0.6119 - val_loss: 0.4870 - val_acc: 0.6119
Epoch 18/50
 - 3s - loss: 0.5217 - acc: 0.6119 - val_loss: 0.4875 - val_acc: 0.6119
Epoch 19/50
 - 3s - loss: 0.5289 - acc: 0.6119 - val_loss: 0.4917 - val_acc: 0.6119
Epoch 20/50
 - 4s - loss: 0.5355 - acc: 0.6119 - val_loss: 0.4930 - val_acc: 0.6119
Epoch 21/50
 - 3s - loss: 0.5376 - acc: 0.6119 - val_loss: 0.4904 - val_acc: 0.6119
Epoch 22/50
 - 3s - loss: 0.5320 - acc: 0.6119 - val_loss: 0.4870 - val_acc: 0.6119
Epoch 23/50
 - 3s - loss: 0.5265 - acc: 0.6119 - val_loss: 0.4867 - val_acc: 0.6119
Epoch 24/50
 - 4s - loss: 0.5217 - acc: 0.6119 - val_loss: 0.4905 - val_acc: 0.6119
Epoch 25/50
 - 3s - loss: 0.5235 - acc: 0.6119 - val_loss: 0.4962 - val_acc: 0.6119
Epoch 26/50
 - 3s - loss: 0.5273 - acc: 0.6119 - val_loss: 0.4996 - val_acc: 0.6119
Epoch 27/50
 - 3s - loss: 0.5296 - acc: 0.6119 - val_loss: 0.4984 - val_acc: 0.6119
Epoch 28/50
 - 3s - loss: 0.5271 - acc: 0.6119 - val_loss: 0.4941 - val_acc: 0.6119
Epoch 29/50
 - 4s - loss: 0.5259 - acc: 0.6119 - val_loss: 0.4896 - val_acc: 0.6119
Epoch 30/50
 - 3s - loss: 0.5226 - acc: 0.6119 - val_loss: 0.4870 - val_acc: 0.6119
Epoch 31/50
 - 4s - loss: 0.5236 - acc: 0.6119 - val_loss: 0.4864 - val_acc: 0.6119
Epoch 32/50
 - 3s - loss: 0.5237 - acc: 0.6119 - val_loss: 0.4866 - val_acc: 0.6119
Epoch 33/50
 - 3s - loss: 0.5262 - acc: 0.6119 - val_loss: 0.4868 - val_acc: 0.6119
Akurasi:  0.5803571428571429
>>>PVD<<<
_________________________________________________________________
Layer (type)                 Output Shape              Param #   
=================================================================
embedding_8 (Embedding)      (None, 150, 128)          64000     
_________________________________________________________________
spatial_dropout1d_8 (Spatial (None, 150, 128)          0         
_________________________________________________________________
lstm_36 (LSTM)               (None, 150, 500)          1258000   
_________________________________________________________________
lstm_37 (LSTM)               (None, 150, 500)          2002000   
_________________________________________________________________
lstm_38 (LSTM)               (None, 150, 500)          2002000   
_________________________________________________________________
lstm_39 (LSTM)               (None, 150, 500)          2002000   
_________________________________________________________________
lstm_40 (LSTM)               (None, 500)               2002000   
_________________________________________________________________
dense_8 (Dense)              (None, 4)                 2004      
=================================================================
Total params: 9,332,004
Trainable params: 9,332,004
Non-trainable params: 0
_________________________________________________________________
None
Train on 603 samples, validate on 67 samples
Epoch 1/50
 - 9s - loss: 1.2506 - acc: 0.2637 - val_loss: 1.2741 - val_acc: 0.4627
Epoch 2/50
 - 4s - loss: 1.2208 - acc: 0.5075 - val_loss: 1.0294 - val_acc: 0.4627
Epoch 3/50
 - 4s - loss: 0.9694 - acc: 0.5075 - val_loss: 1.2075 - val_acc: 0.4627
Epoch 4/50
 - 3s - loss: 0.9931 - acc: 0.5075 - val_loss: 1.4610 - val_acc: 0.4776
Epoch 5/50
 - 3s - loss: 1.5659 - acc: 0.3947 - val_loss: 0.7682 - val_acc: 0.4776
Epoch 6/50
 - 4s - loss: 0.7992 - acc: 0.3947 - val_loss: 0.7068 - val_acc: 0.4627
Epoch 7/50
 - 3s - loss: 0.6396 - acc: 0.5075 - val_loss: 0.8489 - val_acc: 0.4627
Epoch 8/50
 - 4s - loss: 0.7287 - acc: 0.5075 - val_loss: 0.8142 - val_acc: 0.4627
Epoch 9/50
 - 4s - loss: 0.7044 - acc: 0.5075 - val_loss: 0.7151 - val_acc: 0.4627
Epoch 10/50
 - 4s - loss: 0.6520 - acc: 0.5075 - val_loss: 0.6876 - val_acc: 0.4627
Epoch 11/50
 - 3s - loss: 0.6567 - acc: 0.5108 - val_loss: 0.6648 - val_acc: 0.4627
Epoch 12/50
 - 3s - loss: 0.6358 - acc: 0.4959 - val_loss: 0.6587 - val_acc: 0.4627
Epoch 13/50
 - 3s - loss: 0.6256 - acc: 0.4942 - val_loss: 0.6599 - val_acc: 0.4627
Epoch 14/50
 - 4s - loss: 0.6218 - acc: 0.5025 - val_loss: 0.6662 - val_acc: 0.4627
Epoch 15/50
 - 3s - loss: 0.6210 - acc: 0.5075 - val_loss: 0.6731 - val_acc: 0.4627
Epoch 16/50
 - 4s - loss: 0.6215 - acc: 0.5075 - val_loss: 0.6746 - val_acc: 0.4627
Epoch 17/50
 - 3s - loss: 0.6186 - acc: 0.5075 - val_loss: 0.6703 - val_acc: 0.4627
Epoch 18/50
 - 4s - loss: 0.6191 - acc: 0.5075 - val_loss: 0.6640 - val_acc: 0.4627
Epoch 19/50
 - 3s - loss: 0.6206 - acc: 0.5058 - val_loss: 0.6592 - val_acc: 0.4627
Epoch 20/50
 - 4s - loss: 0.6186 - acc: 0.4992 - val_loss: 0.6571 - val_acc: 0.4627
Epoch 21/50
 - 4s - loss: 0.6214 - acc: 0.5075 - val_loss: 0.6579 - val_acc: 0.4627
Epoch 22/50
 - 3s - loss: 0.6181 - acc: 0.5091 - val_loss: 0.6611 - val_acc: 0.4627
Epoch 23/50
 - 3s - loss: 0.6186 - acc: 0.5075 - val_loss: 0.6655 - val_acc: 0.4627
Epoch 24/50
 - 3s - loss: 0.6194 - acc: 0.5058 - val_loss: 0.6693 - val_acc: 0.4627
Epoch 25/50
 - 3s - loss: 0.6190 - acc: 0.5075 - val_loss: 0.6699 - val_acc: 0.4627
Epoch 26/50
 - 4s - loss: 0.6190 - acc: 0.5075 - val_loss: 0.6670 - val_acc: 0.4627
Epoch 27/50
 - 4s - loss: 0.6160 - acc: 0.5075 - val_loss: 0.6632 - val_acc: 0.4627
Epoch 28/50
 - 3s - loss: 0.6145 - acc: 0.5108 - val_loss: 0.6607 - val_acc: 0.4627
Epoch 29/50
 - 3s - loss: 0.6197 - acc: 0.5025 - val_loss: 0.6604 - val_acc: 0.4627
Epoch 30/50
 - 3s - loss: 0.6184 - acc: 0.5075 - val_loss: 0.6628 - val_acc: 0.4627
Epoch 31/50
 - 3s - loss: 0.6156 - acc: 0.4992 - val_loss: 0.6681 - val_acc: 0.4627
Epoch 32/50
 - 3s - loss: 0.6111 - acc: 0.5124 - val_loss: 0.6760 - val_acc: 0.4627
Epoch 33/50
 - 3s - loss: 0.6051 - acc: 0.5141 - val_loss: 0.6851 - val_acc: 0.4478
Epoch 34/50
 - 3s - loss: 0.6002 - acc: 0.5323 - val_loss: 0.6923 - val_acc: 0.4328
Epoch 35/50
 - 4s - loss: 0.5875 - acc: 0.5854 - val_loss: 0.7033 - val_acc: 0.5075
Epoch 36/50
 - 4s - loss: 0.5937 - acc: 0.5390 - val_loss: 0.6896 - val_acc: 0.4776
Epoch 37/50
 - 3s - loss: 0.5728 - acc: 0.6086 - val_loss: 0.7012 - val_acc: 0.4925
Epoch 38/50
 - 4s - loss: 0.5686 - acc: 0.6053 - val_loss: 0.6730 - val_acc: 0.5224
Epoch 39/50
 - 4s - loss: 0.5476 - acc: 0.6202 - val_loss: 0.6583 - val_acc: 0.5821
Epoch 40/50
 - 3s - loss: 0.5515 - acc: 0.6368 - val_loss: 1.8607 - val_acc: 0.4925
Epoch 41/50
 - 3s - loss: 1.5007 - acc: 0.5572 - val_loss: 0.7355 - val_acc: 0.4925
Epoch 42/50
 - 3s - loss: 0.5617 - acc: 0.5705 - val_loss: 0.6608 - val_acc: 0.5075
Epoch 43/50
 - 4s - loss: 0.5691 - acc: 0.6119 - val_loss: 0.6602 - val_acc: 0.4328
Epoch 44/50
 - 3s - loss: 0.6168 - acc: 0.4743 - val_loss: 0.6540 - val_acc: 0.5224
Epoch 45/50
 - 3s - loss: 0.5986 - acc: 0.5473 - val_loss: 0.6952 - val_acc: 0.4627
Epoch 46/50
 - 3s - loss: 0.5836 - acc: 0.5323 - val_loss: 0.7501 - val_acc: 0.4627
Epoch 47/50
 - 3s - loss: 0.6196 - acc: 0.5141 - val_loss: 0.6481 - val_acc: 0.5522
Epoch 48/50
 - 3s - loss: 0.5827 - acc: 0.6003 - val_loss: 0.6549 - val_acc: 0.4925
Epoch 49/50
 - 4s - loss: 0.6147 - acc: 0.4760 - val_loss: 0.6493 - val_acc: 0.5373
Epoch 50/50
 - 4s - loss: 0.5726 - acc: 0.6070 - val_loss: 0.7501 - val_acc: 0.4627
Akurasi:  0.4888392857142857
>>>Venous Insufficiency<<<
_________________________________________________________________
Layer (type)                 Output Shape              Param #   
=================================================================
embedding_9 (Embedding)      (None, 150, 128)          64000     
_________________________________________________________________
spatial_dropout1d_9 (Spatial (None, 150, 128)          0         
_________________________________________________________________
lstm_41 (LSTM)               (None, 150, 500)          1258000   
_________________________________________________________________
lstm_42 (LSTM)               (None, 150, 500)          2002000   
_________________________________________________________________
lstm_43 (LSTM)               (None, 150, 500)          2002000   
_________________________________________________________________
lstm_44 (LSTM)               (None, 150, 500)          2002000   
_________________________________________________________________
lstm_45 (LSTM)               (None, 500)               2002000   
_________________________________________________________________
dense_9 (Dense)              (None, 4)                 2004      
=================================================================
Total params: 9,332,004
Trainable params: 9,332,004
Non-trainable params: 0
_________________________________________________________________
None
Train on 603 samples, validate on 67 samples
Epoch 1/50
 - 10s - loss: 0.9243 - acc: 0.2172 - val_loss: 0.9585 - val_acc: 0.6567
Epoch 2/50
 - 4s - loss: 0.8948 - acc: 0.5688 - val_loss: 0.6361 - val_acc: 0.6567
Epoch 3/50
 - 4s - loss: 0.6245 - acc: 0.5688 - val_loss: 0.5411 - val_acc: 0.6567
Epoch 4/50
 - 4s - loss: 0.8559 - acc: 0.5688 - val_loss: 0.2874 - val_acc: 0.6567
Epoch 5/50
 - 4s - loss: 0.4614 - acc: 0.5688 - val_loss: 0.3077 - val_acc: 0.6567
Epoch 6/50
 - 4s - loss: 0.3336 - acc: 0.5688 - val_loss: 0.3417 - val_acc: 0.6567
Epoch 7/50
 - 4s - loss: 0.3567 - acc: 0.5688 - val_loss: 0.2588 - val_acc: 0.6567
Epoch 8/50
 - 4s - loss: 0.3029 - acc: 0.5688 - val_loss: 0.2196 - val_acc: 0.6567
Epoch 9/50
 - 3s - loss: 0.2944 - acc: 0.5688 - val_loss: 0.2110 - val_acc: 0.6567
Epoch 10/50
 - 4s - loss: 0.3047 - acc: 0.5688 - val_loss: 0.2108 - val_acc: 0.6567
Epoch 11/50
 - 4s - loss: 0.3123 - acc: 0.5688 - val_loss: 0.2097 - val_acc: 0.6567
Epoch 12/50
 - 4s - loss: 0.3078 - acc: 0.5688 - val_loss: 0.2086 - val_acc: 0.6567
Epoch 13/50
 - 4s - loss: 0.3017 - acc: 0.5688 - val_loss: 0.2114 - val_acc: 0.6567
Epoch 14/50
 - 4s - loss: 0.2900 - acc: 0.5688 - val_loss: 0.2209 - val_acc: 0.6567
Epoch 15/50
 - 4s - loss: 0.2871 - acc: 0.5688 - val_loss: 0.2355 - val_acc: 0.6567
Epoch 16/50
 - 4s - loss: 0.2920 - acc: 0.5688 - val_loss: 0.2480 - val_acc: 0.6567
Epoch 17/50
 - 4s - loss: 0.2960 - acc: 0.5688 - val_loss: 0.2511 - val_acc: 0.6567
Epoch 18/50
 - 4s - loss: 0.2975 - acc: 0.5688 - val_loss: 0.2445 - val_acc: 0.6567
Epoch 19/50
 - 4s - loss: 0.2947 - acc: 0.5688 - val_loss: 0.2334 - val_acc: 0.6567
Epoch 20/50
 - 4s - loss: 0.2893 - acc: 0.5688 - val_loss: 0.2232 - val_acc: 0.6567
Epoch 21/50
 - 4s - loss: 0.2875 - acc: 0.5688 - val_loss: 0.2160 - val_acc: 0.6567
Epoch 22/50
 - 3s - loss: 0.2873 - acc: 0.5688 - val_loss: 0.2120 - val_acc: 0.6567
Epoch 23/50
 - 4s - loss: 0.2899 - acc: 0.5688 - val_loss: 0.2102 - val_acc: 0.6567
Epoch 24/50
 - 4s - loss: 0.2908 - acc: 0.5688 - val_loss: 0.2097 - val_acc: 0.6567
Epoch 25/50
 - 4s - loss: 0.2905 - acc: 0.5688 - val_loss: 0.2102 - val_acc: 0.6567
Epoch 26/50
 - 3s - loss: 0.2904 - acc: 0.5688 - val_loss: 0.2116 - val_acc: 0.6567
Epoch 27/50
 - 4s - loss: 0.2894 - acc: 0.5688 - val_loss: 0.2142 - val_acc: 0.6567
Epoch 28/50
 - 4s - loss: 0.2877 - acc: 0.5688 - val_loss: 0.2180 - val_acc: 0.6567
Epoch 29/50
 - 4s - loss: 0.2858 - acc: 0.5688 - val_loss: 0.2224 - val_acc: 0.6567
Epoch 30/50
 - 3s - loss: 0.2859 - acc: 0.5688 - val_loss: 0.2266 - val_acc: 0.6567
Epoch 31/50
 - 4s - loss: 0.2882 - acc: 0.5688 - val_loss: 0.2296 - val_acc: 0.6567
Epoch 32/50
 - 4s - loss: 0.2885 - acc: 0.5688 - val_loss: 0.2305 - val_acc: 0.6567
Epoch 33/50
 - 4s - loss: 0.2886 - acc: 0.5688 - val_loss: 0.2293 - val_acc: 0.6567
Epoch 34/50
 - 4s - loss: 0.2885 - acc: 0.5688 - val_loss: 0.2265 - val_acc: 0.6567
Epoch 35/50
 - 4s - loss: 0.2876 - acc: 0.5688 - val_loss: 0.2230 - val_acc: 0.6567
Epoch 36/50
 - 4s - loss: 0.2874 - acc: 0.5688 - val_loss: 0.2197 - val_acc: 0.6567
Epoch 37/50
 - 4s - loss: 0.2860 - acc: 0.5688 - val_loss: 0.2171 - val_acc: 0.6567
Epoch 38/50
 - 4s - loss: 0.2865 - acc: 0.5688 - val_loss: 0.2154 - val_acc: 0.6567
Epoch 39/50
 - 4s - loss: 0.2871 - acc: 0.5688 - val_loss: 0.2145 - val_acc: 0.6567
Epoch 40/50
 - 4s - loss: 0.2874 - acc: 0.5688 - val_loss: 0.2144 - val_acc: 0.6567
Epoch 41/50
 - 4s - loss: 0.2871 - acc: 0.5688 - val_loss: 0.2150 - val_acc: 0.6567
Epoch 42/50
 - 4s - loss: 0.2873 - acc: 0.5688 - val_loss: 0.2162 - val_acc: 0.6567
Epoch 43/50
 - 3s - loss: 0.2868 - acc: 0.5688 - val_loss: 0.2180 - val_acc: 0.6567
Epoch 44/50
 - 4s - loss: 0.2863 - acc: 0.5688 - val_loss: 0.2201 - val_acc: 0.6567
Akurasi:  0.5602678571428571
>>>Osteoarthritis<<<
_________________________________________________________________
Layer (type)                 Output Shape              Param #   
=================================================================
embedding_10 (Embedding)     (None, 150, 128)          64000     
_________________________________________________________________
spatial_dropout1d_10 (Spatia (None, 150, 128)          0         
_________________________________________________________________
lstm_46 (LSTM)               (None, 150, 500)          1258000   
_________________________________________________________________
lstm_47 (LSTM)               (None, 150, 500)          2002000   
_________________________________________________________________
lstm_48 (LSTM)               (None, 150, 500)          2002000   
_________________________________________________________________
lstm_49 (LSTM)               (None, 150, 500)          2002000   
_________________________________________________________________
lstm_50 (LSTM)               (None, 500)               2002000   
_________________________________________________________________
dense_10 (Dense)             (None, 4)                 2004      
=================================================================
Total params: 9,332,004
Trainable params: 9,332,004
Non-trainable params: 0
_________________________________________________________________
None
Train on 603 samples, validate on 67 samples
Epoch 1/50
 - 10s - loss: 1.4210 - acc: 0.1874 - val_loss: 1.3011 - val_acc: 0.9701
Epoch 2/50
 - 4s - loss: 1.3775 - acc: 0.9685 - val_loss: 0.8737 - val_acc: 0.9701
Epoch 3/50
 - 4s - loss: 0.9584 - acc: 0.9685 - val_loss: 1.0045 - val_acc: 0.9701
Epoch 4/50
 - 4s - loss: 1.4897 - acc: 0.9685 - val_loss: 0.5281 - val_acc: 0.9701
Epoch 5/50
 - 4s - loss: 0.7974 - acc: 0.9685 - val_loss: 0.4300 - val_acc: 0.9701
Epoch 6/50
 - 4s - loss: 0.5224 - acc: 0.9685 - val_loss: 0.5165 - val_acc: 0.9701
Epoch 7/50
 - 4s - loss: 0.5921 - acc: 0.9685 - val_loss: 0.4159 - val_acc: 0.9701
Epoch 8/50
 - 4s - loss: 0.5088 - acc: 0.9685 - val_loss: 0.3523 - val_acc: 0.9701
Epoch 9/50
 - 4s - loss: 0.4712 - acc: 0.9685 - val_loss: 0.3412 - val_acc: 0.9701
Epoch 10/50
 - 4s - loss: 0.4848 - acc: 0.9685 - val_loss: 0.3441 - val_acc: 0.9701
Epoch 11/50
 - 4s - loss: 0.5011 - acc: 0.9685 - val_loss: 0.3410 - val_acc: 0.9701
Epoch 12/50
 - 4s - loss: 0.4977 - acc: 0.9685 - val_loss: 0.3347 - val_acc: 0.9701
Epoch 13/50
 - 4s - loss: 0.4835 - acc: 0.9685 - val_loss: 0.3365 - val_acc: 0.9701
Epoch 14/50
 - 4s - loss: 0.4699 - acc: 0.9685 - val_loss: 0.3544 - val_acc: 0.9701
Epoch 15/50
 - 4s - loss: 0.4715 - acc: 0.9685 - val_loss: 0.3760 - val_acc: 0.9701
Epoch 16/50
 - 4s - loss: 0.4837 - acc: 0.9685 - val_loss: 0.3783 - val_acc: 0.9701
Epoch 17/50
 - 4s - loss: 0.4849 - acc: 0.9685 - val_loss: 0.3638 - val_acc: 0.9701
Epoch 18/50
 - 4s - loss: 0.4754 - acc: 0.9685 - val_loss: 0.3488 - val_acc: 0.9701
Epoch 19/50
 - 4s - loss: 0.4665 - acc: 0.9685 - val_loss: 0.3403 - val_acc: 0.9701
Epoch 20/50
 - 3s - loss: 0.4669 - acc: 0.9685 - val_loss: 0.3372 - val_acc: 0.9701
Epoch 21/50
 - 4s - loss: 0.4688 - acc: 0.9685 - val_loss: 0.3367 - val_acc: 0.9701
Epoch 22/50
 - 4s - loss: 0.4711 - acc: 0.9685 - val_loss: 0.3370 - val_acc: 0.9701
Epoch 23/50
 - 4s - loss: 0.4724 - acc: 0.9685 - val_loss: 0.3377 - val_acc: 0.9701
Epoch 24/50
 - 4s - loss: 0.4704 - acc: 0.9685 - val_loss: 0.3390 - val_acc: 0.9701
Epoch 25/50
 - 4s - loss: 0.4694 - acc: 0.9685 - val_loss: 0.3415 - val_acc: 0.9701
Epoch 26/50
 - 4s - loss: 0.4663 - acc: 0.9685 - val_loss: 0.3452 - val_acc: 0.9701
Epoch 27/50
 - 4s - loss: 0.4661 - acc: 0.9685 - val_loss: 0.3497 - val_acc: 0.9701
Epoch 28/50
 - 4s - loss: 0.4665 - acc: 0.9685 - val_loss: 0.3539 - val_acc: 0.9701
Epoch 29/50
 - 4s - loss: 0.4667 - acc: 0.9685 - val_loss: 0.3565 - val_acc: 0.9701
Epoch 30/50
 - 4s - loss: 0.4687 - acc: 0.9685 - val_loss: 0.3568 - val_acc: 0.9701
Epoch 31/50
 - 4s - loss: 0.4688 - acc: 0.9685 - val_loss: 0.3549 - val_acc: 0.9701
Epoch 32/50
 - 4s - loss: 0.4682 - acc: 0.9685 - val_loss: 0.3515 - val_acc: 0.9701
Epoch 33/50
 - 4s - loss: 0.4673 - acc: 0.9685 - val_loss: 0.3476 - val_acc: 0.9701
Epoch 34/50
 - 4s - loss: 0.4656 - acc: 0.9685 - val_loss: 0.3443 - val_acc: 0.9701
Epoch 35/50
 - 4s - loss: 0.4653 - acc: 0.9685 - val_loss: 0.3418 - val_acc: 0.9701
Epoch 36/50
 - 4s - loss: 0.4647 - acc: 0.9685 - val_loss: 0.3402 - val_acc: 0.9701
Epoch 37/50
 - 4s - loss: 0.4662 - acc: 0.9685 - val_loss: 0.3395 - val_acc: 0.9701
Epoch 38/50
 - 4s - loss: 0.4662 - acc: 0.9685 - val_loss: 0.3393 - val_acc: 0.9701
Epoch 39/50
 - 4s - loss: 0.4663 - acc: 0.9685 - val_loss: 0.3398 - val_acc: 0.9701
Epoch 40/50
 - 4s - loss: 0.4655 - acc: 0.9685 - val_loss: 0.3409 - val_acc: 0.9701
Epoch 41/50
 - 4s - loss: 0.4660 - acc: 0.9685 - val_loss: 0.3425 - val_acc: 0.9701
Epoch 42/50
 - 4s - loss: 0.4643 - acc: 0.9685 - val_loss: 0.3445 - val_acc: 0.9701
Epoch 43/50
 - 4s - loss: 0.4649 - acc: 0.9685 - val_loss: 0.3464 - val_acc: 0.9701
Epoch 44/50
 - 4s - loss: 0.4651 - acc: 0.9685 - val_loss: 0.3477 - val_acc: 0.9701
Epoch 45/50
 - 4s - loss: 0.4654 - acc: 0.9685 - val_loss: 0.3482 - val_acc: 0.9701
Epoch 46/50
 - 4s - loss: 0.4654 - acc: 0.9685 - val_loss: 0.3477 - val_acc: 0.9701
Epoch 47/50
 - 4s - loss: 0.4663 - acc: 0.9685 - val_loss: 0.3465 - val_acc: 0.9701
Epoch 48/50
 - 4s - loss: 0.4647 - acc: 0.9685 - val_loss: 0.3450 - val_acc: 0.9701
Epoch 49/50
 - 4s - loss: 0.4657 - acc: 0.9685 - val_loss: 0.3435 - val_acc: 0.9701
Epoch 50/50
 - 4s - loss: 0.4655 - acc: 0.9685 - val_loss: 0.3423 - val_acc: 0.9701
Akurasi:  0.7589285714285714
>>>OSA<<<
_________________________________________________________________
Layer (type)                 Output Shape              Param #   
=================================================================
embedding_11 (Embedding)     (None, 150, 128)          64000     
_________________________________________________________________
spatial_dropout1d_11 (Spatia (None, 150, 128)          0         
_________________________________________________________________
lstm_51 (LSTM)               (None, 150, 500)          1258000   
_________________________________________________________________
lstm_52 (LSTM)               (None, 150, 500)          2002000   
_________________________________________________________________
lstm_53 (LSTM)               (None, 150, 500)          2002000   
_________________________________________________________________
lstm_54 (LSTM)               (None, 150, 500)          2002000   
_________________________________________________________________
lstm_55 (LSTM)               (None, 500)               2002000   
_________________________________________________________________
dense_11 (Dense)             (None, 4)                 2004      
=================================================================
Total params: 9,332,004
Trainable params: 9,332,004
Non-trainable params: 0
_________________________________________________________________
None
Train on 603 samples, validate on 67 samples
Epoch 1/50
 - 11s - loss: 1.4275 - acc: 0.2919 - val_loss: 1.4673 - val_acc: 0.9254
Epoch 2/50
 - 4s - loss: 1.3840 - acc: 0.9187 - val_loss: 1.1011 - val_acc: 0.9254
Epoch 3/50
 - 4s - loss: 1.0013 - acc: 0.9187 - val_loss: 2.6757 - val_acc: 0.9254
Epoch 4/50
 - 4s - loss: 2.0416 - acc: 0.9187 - val_loss: 0.8672 - val_acc: 0.9254
Epoch 5/50
 - 4s - loss: 0.6965 - acc: 0.9187 - val_loss: 0.9597 - val_acc: 0.0746
Epoch 6/50
 - 4s - loss: 0.9439 - acc: 0.0796 - val_loss: 0.9527 - val_acc: 0.0746
Epoch 7/50
 - 4s - loss: 0.9089 - acc: 0.0912 - val_loss: 0.8736 - val_acc: 0.9254
Epoch 8/50
 - 4s - loss: 0.8243 - acc: 0.9187 - val_loss: 0.7303 - val_acc: 0.9254
Epoch 9/50
 - 4s - loss: 0.6769 - acc: 0.9187 - val_loss: 0.6761 - val_acc: 0.9254
Epoch 10/50
 - 4s - loss: 0.6065 - acc: 0.9187 - val_loss: 0.6812 - val_acc: 0.9254
Epoch 11/50
 - 4s - loss: 0.5886 - acc: 0.9187 - val_loss: 0.7097 - val_acc: 0.9254
Epoch 12/50
 - 4s - loss: 0.6023 - acc: 0.9187 - val_loss: 0.7130 - val_acc: 0.9254
Epoch 13/50
 - 4s - loss: 0.6073 - acc: 0.9187 - val_loss: 0.6860 - val_acc: 0.9254
Epoch 14/50
 - 4s - loss: 0.5957 - acc: 0.9187 - val_loss: 0.6682 - val_acc: 0.9254
Epoch 15/50
 - 4s - loss: 0.5978 - acc: 0.9187 - val_loss: 0.6701 - val_acc: 0.9254
Epoch 16/50
 - 4s - loss: 0.6075 - acc: 0.9187 - val_loss: 0.6681 - val_acc: 0.9254
Epoch 17/50
 - 4s - loss: 0.5962 - acc: 0.9187 - val_loss: 0.6805 - val_acc: 0.9254
Epoch 18/50
 - 4s - loss: 0.5939 - acc: 0.9187 - val_loss: 0.6982 - val_acc: 0.9254
Epoch 19/50
 - 4s - loss: 0.6019 - acc: 0.9187 - val_loss: 0.6969 - val_acc: 0.9254
Epoch 20/50
 - 4s - loss: 0.6007 - acc: 0.9187 - val_loss: 0.6807 - val_acc: 0.9254
Epoch 21/50
 - 4s - loss: 0.5919 - acc: 0.9187 - val_loss: 0.6693 - val_acc: 0.9254
Epoch 22/50
 - 4s - loss: 0.5922 - acc: 0.9187 - val_loss: 0.6674 - val_acc: 0.9254
Epoch 23/50
 - 4s - loss: 0.5988 - acc: 0.9187 - val_loss: 0.6677 - val_acc: 0.9254
Epoch 24/50
 - 4s - loss: 0.5976 - acc: 0.9187 - val_loss: 0.6722 - val_acc: 0.9254
Epoch 25/50
 - 4s - loss: 0.5924 - acc: 0.9187 - val_loss: 0.6816 - val_acc: 0.9254
Epoch 26/50
 - 4s - loss: 0.5953 - acc: 0.9187 - val_loss: 0.6875 - val_acc: 0.9254
Akurasi:  0.5825892857142857
>>>Asthma<<<
_________________________________________________________________
Layer (type)                 Output Shape              Param #   
=================================================================
embedding_12 (Embedding)     (None, 150, 128)          64000     
_________________________________________________________________
spatial_dropout1d_12 (Spatia (None, 150, 128)          0         
_________________________________________________________________
lstm_56 (LSTM)               (None, 150, 500)          1258000   
_________________________________________________________________
lstm_57 (LSTM)               (None, 150, 500)          2002000   
_________________________________________________________________
lstm_58 (LSTM)               (None, 150, 500)          2002000   
_________________________________________________________________
lstm_59 (LSTM)               (None, 150, 500)          2002000   
_________________________________________________________________
lstm_60 (LSTM)               (None, 500)               2002000   
_________________________________________________________________
dense_12 (Dense)             (None, 4)                 2004      
=================================================================
Total params: 9,332,004
Trainable params: 9,332,004
Non-trainable params: 0
_________________________________________________________________
None
Train on 603 samples, validate on 67 samples
Epoch 1/50
 - 11s - loss: 1.2576 - acc: 0.2239 - val_loss: 1.1301 - val_acc: 0.8657
Epoch 2/50
 - 4s - loss: 1.2280 - acc: 0.8209 - val_loss: 0.8800 - val_acc: 0.8657
Epoch 3/50
 - 4s - loss: 0.9730 - acc: 0.8209 - val_loss: 1.0450 - val_acc: 0.8657
Epoch 4/50
 - 4s - loss: 1.2796 - acc: 0.8209 - val_loss: 0.7851 - val_acc: 0.1343
Epoch 5/50
 - 4s - loss: 0.8187 - acc: 0.1774 - val_loss: 0.6256 - val_acc: 0.1343
Epoch 6/50
 - 4s - loss: 0.6787 - acc: 0.1808 - val_loss: 0.5765 - val_acc: 0.8657
Epoch 7/50
 - 4s - loss: 0.6512 - acc: 0.8209 - val_loss: 0.5435 - val_acc: 0.8657
Epoch 8/50
 - 4s - loss: 0.6328 - acc: 0.8209 - val_loss: 0.5426 - val_acc: 0.8657
Epoch 9/50
 - 4s - loss: 0.6505 - acc: 0.8209 - val_loss: 0.5393 - val_acc: 0.8657
Epoch 10/50
 - 4s - loss: 0.6433 - acc: 0.8209 - val_loss: 0.5275 - val_acc: 0.8657
Epoch 11/50
 - 4s - loss: 0.6196 - acc: 0.8209 - val_loss: 0.5336 - val_acc: 0.8657
Epoch 12/50
 - 4s - loss: 0.6113 - acc: 0.8209 - val_loss: 0.5603 - val_acc: 0.8657
Epoch 13/50
 - 4s - loss: 0.6256 - acc: 0.8192 - val_loss: 0.5724 - val_acc: 0.8657
Epoch 14/50
 - 4s - loss: 0.6354 - acc: 0.7330 - val_loss: 0.5571 - val_acc: 0.8657
Epoch 15/50
 - 4s - loss: 0.6237 - acc: 0.8159 - val_loss: 0.5360 - val_acc: 0.8657
Epoch 16/50
 - 4s - loss: 0.6129 - acc: 0.8209 - val_loss: 0.5263 - val_acc: 0.8657
Epoch 17/50
 - 4s - loss: 0.6132 - acc: 0.8209 - val_loss: 0.5261 - val_acc: 0.8657
Epoch 18/50
 - 4s - loss: 0.6196 - acc: 0.8209 - val_loss: 0.5269 - val_acc: 0.8657
Epoch 19/50
 - 4s - loss: 0.6248 - acc: 0.8209 - val_loss: 0.5259 - val_acc: 0.8657
Epoch 20/50
 - 4s - loss: 0.6176 - acc: 0.8209 - val_loss: 0.5262 - val_acc: 0.8657
Epoch 21/50
 - 4s - loss: 0.6136 - acc: 0.8209 - val_loss: 0.5311 - val_acc: 0.8657
Epoch 22/50
 - 4s - loss: 0.6113 - acc: 0.8209 - val_loss: 0.5396 - val_acc: 0.8657
Epoch 23/50
 - 3s - loss: 0.6131 - acc: 0.8209 - val_loss: 0.5460 - val_acc: 0.8657
Epoch 24/50
 - 4s - loss: 0.6179 - acc: 0.8209 - val_loss: 0.5461 - val_acc: 0.8657
Epoch 25/50
 - 4s - loss: 0.6164 - acc: 0.8209 - val_loss: 0.5405 - val_acc: 0.8657
Epoch 26/50
 - 4s - loss: 0.6142 - acc: 0.8209 - val_loss: 0.5335 - val_acc: 0.8657
Epoch 27/50
 - 4s - loss: 0.6104 - acc: 0.8209 - val_loss: 0.5287 - val_acc: 0.8657
Epoch 28/50
 - 4s - loss: 0.6099 - acc: 0.8209 - val_loss: 0.5267 - val_acc: 0.8657
Epoch 29/50
 - 4s - loss: 0.6130 - acc: 0.8209 - val_loss: 0.5262 - val_acc: 0.8657
Epoch 30/50
 - 4s - loss: 0.6129 - acc: 0.8209 - val_loss: 0.5264 - val_acc: 0.8657
Epoch 31/50
 - 4s - loss: 0.6125 - acc: 0.8209 - val_loss: 0.5272 - val_acc: 0.8657
Epoch 32/50
 - 4s - loss: 0.6116 - acc: 0.8209 - val_loss: 0.5292 - val_acc: 0.8657
Epoch 33/50
 - 4s - loss: 0.6092 - acc: 0.8209 - val_loss: 0.5325 - val_acc: 0.8657
Epoch 34/50
 - 4s - loss: 0.6114 - acc: 0.8209 - val_loss: 0.5361 - val_acc: 0.8657
Epoch 35/50
 - 4s - loss: 0.6106 - acc: 0.8209 - val_loss: 0.5382 - val_acc: 0.8657
Epoch 36/50
 - 4s - loss: 0.6115 - acc: 0.8209 - val_loss: 0.5379 - val_acc: 0.8657
Epoch 37/50
 - 4s - loss: 0.6126 - acc: 0.8209 - val_loss: 0.5357 - val_acc: 0.8657
Epoch 38/50
 - 4s - loss: 0.6110 - acc: 0.8209 - val_loss: 0.5328 - val_acc: 0.8657
Epoch 39/50
 - 4s - loss: 0.6114 - acc: 0.8209 - val_loss: 0.5304 - val_acc: 0.8657
Epoch 40/50
 - 4s - loss: 0.6085 - acc: 0.8209 - val_loss: 0.5289 - val_acc: 0.8657
Epoch 41/50
 - 4s - loss: 0.6108 - acc: 0.8209 - val_loss: 0.5283 - val_acc: 0.8657
Epoch 42/50
 - 4s - loss: 0.6106 - acc: 0.8209 - val_loss: 0.5284 - val_acc: 0.8657
Epoch 43/50
 - 4s - loss: 0.6118 - acc: 0.8209 - val_loss: 0.5292 - val_acc: 0.8657
Epoch 44/50
 - 4s - loss: 0.6089 - acc: 0.8209 - val_loss: 0.5307 - val_acc: 0.8657
Epoch 45/50
 - 4s - loss: 0.6104 - acc: 0.8209 - val_loss: 0.5326 - val_acc: 0.8657
Epoch 46/50
 - 4s - loss: 0.6090 - acc: 0.8209 - val_loss: 0.5343 - val_acc: 0.8657
Epoch 47/50
 - 4s - loss: 0.6105 - acc: 0.8209 - val_loss: 0.5351 - val_acc: 0.8657
Epoch 48/50
 - 4s - loss: 0.6112 - acc: 0.8209 - val_loss: 0.5348 - val_acc: 0.8657
Epoch 49/50
 - 4s - loss: 0.6108 - acc: 0.8209 - val_loss: 0.5334 - val_acc: 0.8657
Epoch 50/50
 - 4s - loss: 0.6079 - acc: 0.8209 - val_loss: 0.5317 - val_acc: 0.8657
Akurasi:  0.41294642857142855
>>>GERD<<<
_________________________________________________________________
Layer (type)                 Output Shape              Param #   
=================================================================
embedding_13 (Embedding)     (None, 150, 128)          64000     
_________________________________________________________________
spatial_dropout1d_13 (Spatia (None, 150, 128)          0         
_________________________________________________________________
lstm_61 (LSTM)               (None, 150, 500)          1258000   
_________________________________________________________________
lstm_62 (LSTM)               (None, 150, 500)          2002000   
_________________________________________________________________
lstm_63 (LSTM)               (None, 150, 500)          2002000   
_________________________________________________________________
lstm_64 (LSTM)               (None, 150, 500)          2002000   
_________________________________________________________________
lstm_65 (LSTM)               (None, 500)               2002000   
_________________________________________________________________
dense_13 (Dense)             (None, 4)                 2004      
=================================================================
Total params: 9,332,004
Trainable params: 9,332,004
Non-trainable params: 0
_________________________________________________________________
None
Train on 603 samples, validate on 67 samples
Epoch 1/50
 - 12s - loss: 1.3519 - acc: 0.2239 - val_loss: 1.2376 - val_acc: 0.8209
Epoch 2/50
 - 4s - loss: 1.3059 - acc: 0.8458 - val_loss: 0.8057 - val_acc: 0.8209
Epoch 3/50
 - 4s - loss: 0.8683 - acc: 0.8458 - val_loss: 1.0688 - val_acc: 0.8209
Epoch 4/50
 - 4s - loss: 1.2877 - acc: 0.8458 - val_loss: 0.5723 - val_acc: 0.8209
Epoch 5/50
 - 4s - loss: 0.6958 - acc: 0.8458 - val_loss: 0.3809 - val_acc: 0.8209
Epoch 6/50
 - 4s - loss: 0.4255 - acc: 0.8458 - val_loss: 0.4666 - val_acc: 0.8209
Epoch 7/50
 - 4s - loss: 0.5097 - acc: 0.8458 - val_loss: 0.3624 - val_acc: 0.8209
Epoch 8/50
 - 4s - loss: 0.4120 - acc: 0.8458 - val_loss: 0.3346 - val_acc: 0.8209
Epoch 9/50
 - 4s - loss: 0.3920 - acc: 0.8458 - val_loss: 0.3427 - val_acc: 0.8209
Epoch 10/50
 - 4s - loss: 0.4116 - acc: 0.8458 - val_loss: 0.3499 - val_acc: 0.8209
Epoch 11/50
 - 4s - loss: 0.4221 - acc: 0.8458 - val_loss: 0.3461 - val_acc: 0.8209
Epoch 12/50
 - 4s - loss: 0.4151 - acc: 0.8458 - val_loss: 0.3361 - val_acc: 0.8209
Epoch 13/50
 - 4s - loss: 0.4017 - acc: 0.8458 - val_loss: 0.3288 - val_acc: 0.8209
Epoch 14/50
 - 4s - loss: 0.3867 - acc: 0.8458 - val_loss: 0.3317 - val_acc: 0.8209
Epoch 15/50
 - 4s - loss: 0.3834 - acc: 0.8458 - val_loss: 0.3444 - val_acc: 0.8209
Epoch 16/50
 - 4s - loss: 0.3908 - acc: 0.8458 - val_loss: 0.3551 - val_acc: 0.8209
Epoch 17/50
 - 4s - loss: 0.4001 - acc: 0.8458 - val_loss: 0.3534 - val_acc: 0.8209
Epoch 18/50
 - 4s - loss: 0.3986 - acc: 0.8458 - val_loss: 0.3429 - val_acc: 0.8209
Epoch 19/50
 - 4s - loss: 0.3906 - acc: 0.8458 - val_loss: 0.3330 - val_acc: 0.8209
Epoch 20/50
 - 4s - loss: 0.3846 - acc: 0.8458 - val_loss: 0.3281 - val_acc: 0.8209
Epoch 21/50
 - 4s - loss: 0.3819 - acc: 0.8458 - val_loss: 0.3274 - val_acc: 0.8209
Epoch 22/50
 - 4s - loss: 0.3850 - acc: 0.8458 - val_loss: 0.3284 - val_acc: 0.8209
Epoch 23/50
 - 4s - loss: 0.3889 - acc: 0.8458 - val_loss: 0.3290 - val_acc: 0.8209
Epoch 24/50
 - 4s - loss: 0.3910 - acc: 0.8458 - val_loss: 0.3286 - val_acc: 0.8209
Epoch 25/50
 - 4s - loss: 0.3894 - acc: 0.8458 - val_loss: 0.3276 - val_acc: 0.8209
Epoch 26/50
 - 4s - loss: 0.3862 - acc: 0.8458 - val_loss: 0.3270 - val_acc: 0.8209
Epoch 27/50
 - 4s - loss: 0.3846 - acc: 0.8458 - val_loss: 0.3277 - val_acc: 0.8209
Epoch 28/50
 - 4s - loss: 0.3817 - acc: 0.8458 - val_loss: 0.3301 - val_acc: 0.8209
Epoch 29/50
 - 4s - loss: 0.3825 - acc: 0.8458 - val_loss: 0.3332 - val_acc: 0.8209
Epoch 30/50
 - 4s - loss: 0.3845 - acc: 0.8458 - val_loss: 0.3356 - val_acc: 0.8209
Epoch 31/50
 - 4s - loss: 0.3856 - acc: 0.8458 - val_loss: 0.3359 - val_acc: 0.8209
Epoch 32/50
 - 4s - loss: 0.3851 - acc: 0.8458 - val_loss: 0.3343 - val_acc: 0.8209
Epoch 33/50
 - 4s - loss: 0.3843 - acc: 0.8458 - val_loss: 0.3316 - val_acc: 0.8209
Epoch 34/50
 - 4s - loss: 0.3828 - acc: 0.8458 - val_loss: 0.3291 - val_acc: 0.8209
Epoch 35/50
 - 4s - loss: 0.3834 - acc: 0.8458 - val_loss: 0.3275 - val_acc: 0.8209
Epoch 36/50
 - 4s - loss: 0.3830 - acc: 0.8458 - val_loss: 0.3267 - val_acc: 0.8209
Epoch 37/50
 - 4s - loss: 0.3819 - acc: 0.8458 - val_loss: 0.3265 - val_acc: 0.8209
Epoch 38/50
 - 4s - loss: 0.3825 - acc: 0.8458 - val_loss: 0.3265 - val_acc: 0.8209
Epoch 39/50
 - 4s - loss: 0.3835 - acc: 0.8458 - val_loss: 0.3265 - val_acc: 0.8209
Epoch 40/50
 - 4s - loss: 0.3842 - acc: 0.8458 - val_loss: 0.3266 - val_acc: 0.8209
Epoch 41/50
 - 4s - loss: 0.3829 - acc: 0.8458 - val_loss: 0.3271 - val_acc: 0.8209
Epoch 42/50
 - 4s - loss: 0.3817 - acc: 0.8458 - val_loss: 0.3281 - val_acc: 0.8209
Epoch 43/50
 - 4s - loss: 0.3831 - acc: 0.8458 - val_loss: 0.3294 - val_acc: 0.8209
Akurasi:  0.8214285714285714
>>>Gallstone<<<
_________________________________________________________________
Layer (type)                 Output Shape              Param #   
=================================================================
embedding_14 (Embedding)     (None, 150, 128)          64000     
_________________________________________________________________
spatial_dropout1d_14 (Spatia (None, 150, 128)          0         
_________________________________________________________________
lstm_66 (LSTM)               (None, 150, 500)          1258000   
_________________________________________________________________
lstm_67 (LSTM)               (None, 150, 500)          2002000   
_________________________________________________________________
lstm_68 (LSTM)               (None, 150, 500)          2002000   
_________________________________________________________________
lstm_69 (LSTM)               (None, 150, 500)          2002000   
_________________________________________________________________
lstm_70 (LSTM)               (None, 500)               2002000   
_________________________________________________________________
dense_14 (Dense)             (None, 4)                 2004      
=================================================================
Total params: 9,332,004
Trainable params: 9,332,004
Non-trainable params: 0
_________________________________________________________________
None
Train on 603 samples, validate on 67 samples
Epoch 1/50
 - 12s - loss: 1.2993 - acc: 0.1973 - val_loss: 1.2303 - val_acc: 0.7164
Epoch 2/50
 - 4s - loss: 1.2658 - acc: 0.7496 - val_loss: 0.9403 - val_acc: 0.7164
Epoch 3/50
 - 4s - loss: 0.9614 - acc: 0.7496 - val_loss: 1.6635 - val_acc: 0.7164
Epoch 4/50
 - 4s - loss: 1.5467 - acc: 0.7496 - val_loss: 0.5807 - val_acc: 0.7164
Epoch 5/50
 - 4s - loss: 0.5557 - acc: 0.7496 - val_loss: 0.7105 - val_acc: 0.7164
Epoch 6/50
 - 4s - loss: 0.7371 - acc: 0.6036 - val_loss: 0.7318 - val_acc: 0.2836
Epoch 7/50
 - 4s - loss: 0.7576 - acc: 0.2886 - val_loss: 0.6118 - val_acc: 0.7164
Epoch 8/50
 - 4s - loss: 0.6296 - acc: 0.7496 - val_loss: 0.5004 - val_acc: 0.7164
Epoch 9/50
 - 4s - loss: 0.5059 - acc: 0.7496 - val_loss: 0.4890 - val_acc: 0.7164
Epoch 10/50
 - 4s - loss: 0.4826 - acc: 0.7496 - val_loss: 0.5265 - val_acc: 0.7164
Epoch 11/50
 - 4s - loss: 0.5135 - acc: 0.7496 - val_loss: 0.5209 - val_acc: 0.7164
Epoch 12/50
 - 4s - loss: 0.5106 - acc: 0.7496 - val_loss: 0.4805 - val_acc: 0.7164
Epoch 13/50
 - 4s - loss: 0.4763 - acc: 0.7496 - val_loss: 0.4862 - val_acc: 0.7164
Epoch 14/50
 - 4s - loss: 0.4873 - acc: 0.7496 - val_loss: 0.4970 - val_acc: 0.7164
Epoch 15/50
 - 4s - loss: 0.5004 - acc: 0.7496 - val_loss: 0.4740 - val_acc: 0.7164
Epoch 16/50
 - 4s - loss: 0.4756 - acc: 0.7496 - val_loss: 0.4783 - val_acc: 0.7164
Epoch 17/50
 - 4s - loss: 0.4744 - acc: 0.7496 - val_loss: 0.4909 - val_acc: 0.7164
Epoch 18/50
 - 4s - loss: 0.4835 - acc: 0.7496 - val_loss: 0.4923 - val_acc: 0.7164
Epoch 19/50
 - 4s - loss: 0.4837 - acc: 0.7496 - val_loss: 0.4834 - val_acc: 0.7164
Epoch 20/50
 - 4s - loss: 0.4775 - acc: 0.7496 - val_loss: 0.4741 - val_acc: 0.7164
Epoch 21/50
 - 4s - loss: 0.4712 - acc: 0.7496 - val_loss: 0.4721 - val_acc: 0.7164
Epoch 22/50
 - 4s - loss: 0.4707 - acc: 0.7496 - val_loss: 0.4755 - val_acc: 0.7164
Epoch 23/50
 - 4s - loss: 0.4766 - acc: 0.7496 - val_loss: 0.4765 - val_acc: 0.7164
Epoch 24/50
 - 4s - loss: 0.4766 - acc: 0.7496 - val_loss: 0.4737 - val_acc: 0.7164
Epoch 25/50
 - 4s - loss: 0.4744 - acc: 0.7496 - val_loss: 0.4718 - val_acc: 0.7164
Epoch 26/50
 - 4s - loss: 0.4689 - acc: 0.7496 - val_loss: 0.4736 - val_acc: 0.7164
Epoch 27/50
 - 4s - loss: 0.4707 - acc: 0.7496 - val_loss: 0.4773 - val_acc: 0.7164
Epoch 28/50
 - 4s - loss: 0.4710 - acc: 0.7496 - val_loss: 0.4794 - val_acc: 0.7164
Epoch 29/50
 - 4s - loss: 0.4730 - acc: 0.7496 - val_loss: 0.4785 - val_acc: 0.7164
Epoch 30/50
 - 4s - loss: 0.4731 - acc: 0.7496 - val_loss: 0.4756 - val_acc: 0.7164
Epoch 31/50
 - 4s - loss: 0.4709 - acc: 0.7496 - val_loss: 0.4729 - val_acc: 0.7164
Epoch 32/50
 - 4s - loss: 0.4691 - acc: 0.7496 - val_loss: 0.4718 - val_acc: 0.7164
Epoch 33/50
 - 4s - loss: 0.4687 - acc: 0.7496 - val_loss: 0.4721 - val_acc: 0.7164
Epoch 34/50
 - 4s - loss: 0.4703 - acc: 0.7496 - val_loss: 0.4724 - val_acc: 0.7164
Epoch 35/50
 - 4s - loss: 0.4712 - acc: 0.7496 - val_loss: 0.4721 - val_acc: 0.7164
Epoch 36/50
 - 4s - loss: 0.4697 - acc: 0.7496 - val_loss: 0.4718 - val_acc: 0.7164
Epoch 37/50
 - 4s - loss: 0.4696 - acc: 0.7496 - val_loss: 0.4723 - val_acc: 0.7164
Epoch 38/50
 - 4s - loss: 0.4702 - acc: 0.7496 - val_loss: 0.4735 - val_acc: 0.7164
Epoch 39/50
 - 4s - loss: 0.4702 - acc: 0.7496 - val_loss: 0.4747 - val_acc: 0.7164
Epoch 40/50
 - 4s - loss: 0.4704 - acc: 0.7496 - val_loss: 0.4750 - val_acc: 0.7164
Epoch 41/50
 - 4s - loss: 0.4725 - acc: 0.7496 - val_loss: 0.4743 - val_acc: 0.7164
Epoch 42/50
 - 4s - loss: 0.4699 - acc: 0.7496 - val_loss: 0.4731 - val_acc: 0.7164
Epoch 43/50
 - 4s - loss: 0.4709 - acc: 0.7496 - val_loss: 0.4722 - val_acc: 0.7164
Epoch 44/50
 - 4s - loss: 0.4704 - acc: 0.7496 - val_loss: 0.4718 - val_acc: 0.7164
Epoch 45/50
 - 4s - loss: 0.4691 - acc: 0.7496 - val_loss: 0.4717 - val_acc: 0.7164
Epoch 46/50
 - 4s - loss: 0.4691 - acc: 0.7496 - val_loss: 0.4717 - val_acc: 0.7164
Epoch 47/50
 - 4s - loss: 0.4719 - acc: 0.7496 - val_loss: 0.4717 - val_acc: 0.7164
Epoch 48/50
 - 4s - loss: 0.4699 - acc: 0.7496 - val_loss: 0.4719 - val_acc: 0.7164
Akurasi:  0.8013392857142857
>>>Depression<<<
_________________________________________________________________
Layer (type)                 Output Shape              Param #   
=================================================================
embedding_15 (Embedding)     (None, 150, 128)          64000     
_________________________________________________________________
spatial_dropout1d_15 (Spatia (None, 150, 128)          0         
_________________________________________________________________
lstm_71 (LSTM)               (None, 150, 500)          1258000   
_________________________________________________________________
lstm_72 (LSTM)               (None, 150, 500)          2002000   
_________________________________________________________________
lstm_73 (LSTM)               (None, 150, 500)          2002000   
_________________________________________________________________
lstm_74 (LSTM)               (None, 150, 500)          2002000   
_________________________________________________________________
lstm_75 (LSTM)               (None, 500)               2002000   
_________________________________________________________________
dense_15 (Dense)             (None, 4)                 2004      
=================================================================
Total params: 9,332,004
Trainable params: 9,332,004
Non-trainable params: 0
_________________________________________________________________
None
Train on 603 samples, validate on 67 samples
Epoch 1/50
 - 13s - loss: 1.2989 - acc: 0.2570 - val_loss: 1.2029 - val_acc: 0.7612
Epoch 2/50
 - 4s - loss: 1.2551 - acc: 0.8375 - val_loss: 0.8582 - val_acc: 0.7612
Epoch 3/50
 - 4s - loss: 0.8623 - acc: 0.8375 - val_loss: 1.3498 - val_acc: 0.7612
Epoch 4/50
 - 4s - loss: 0.9031 - acc: 0.8375 - val_loss: 0.7810 - val_acc: 0.7612
Epoch 5/50
 - 4s - loss: 0.5457 - acc: 0.8375 - val_loss: 0.3885 - val_acc: 0.7612
Epoch 6/50
 - 4s - loss: 0.3541 - acc: 0.8375 - val_loss: 0.4406 - val_acc: 0.7612
Epoch 7/50
 - 4s - loss: 0.4417 - acc: 0.8375 - val_loss: 0.3992 - val_acc: 0.7612
Epoch 8/50
 - 4s - loss: 0.3626 - acc: 0.8375 - val_loss: 0.4172 - val_acc: 0.7612
Epoch 9/50
 - 4s - loss: 0.3342 - acc: 0.8375 - val_loss: 0.4601 - val_acc: 0.7612
Epoch 10/50
 - 4s - loss: 0.3529 - acc: 0.8375 - val_loss: 0.4800 - val_acc: 0.7612
Epoch 11/50
 - 4s - loss: 0.3628 - acc: 0.8375 - val_loss: 0.4712 - val_acc: 0.7612
Epoch 12/50
 - 4s - loss: 0.3613 - acc: 0.8375 - val_loss: 0.4448 - val_acc: 0.7612
Epoch 13/50
 - 4s - loss: 0.3495 - acc: 0.8375 - val_loss: 0.4152 - val_acc: 0.7612
Epoch 14/50
 - 4s - loss: 0.3375 - acc: 0.8375 - val_loss: 0.3941 - val_acc: 0.7612
Epoch 15/50
 - 4s - loss: 0.3366 - acc: 0.8375 - val_loss: 0.3861 - val_acc: 0.7612
Epoch 16/50
 - 4s - loss: 0.3428 - acc: 0.8375 - val_loss: 0.3857 - val_acc: 0.7612
Epoch 17/50
 - 4s - loss: 0.3485 - acc: 0.8375 - val_loss: 0.3873 - val_acc: 0.7612
Epoch 18/50
 - 4s - loss: 0.3448 - acc: 0.8375 - val_loss: 0.3921 - val_acc: 0.7612
Epoch 19/50
 - 4s - loss: 0.3377 - acc: 0.8375 - val_loss: 0.4005 - val_acc: 0.7612
Epoch 20/50
 - 4s - loss: 0.3356 - acc: 0.8375 - val_loss: 0.4101 - val_acc: 0.7612
Epoch 21/50
 - 4s - loss: 0.3369 - acc: 0.8375 - val_loss: 0.4184 - val_acc: 0.7612
Epoch 22/50
 - 4s - loss: 0.3358 - acc: 0.8375 - val_loss: 0.4240 - val_acc: 0.7612
Epoch 23/50
 - 4s - loss: 0.3383 - acc: 0.8375 - val_loss: 0.4264 - val_acc: 0.7612
Epoch 24/50
 - 4s - loss: 0.3391 - acc: 0.8375 - val_loss: 0.4258 - val_acc: 0.7612
Akurasi:  0.7924107142857143
>>>Gout<<<
_________________________________________________________________
Layer (type)                 Output Shape              Param #   
=================================================================
embedding_16 (Embedding)     (None, 150, 128)          64000     
_________________________________________________________________
spatial_dropout1d_16 (Spatia (None, 150, 128)          0         
_________________________________________________________________
lstm_76 (LSTM)               (None, 150, 500)          1258000   
_________________________________________________________________
lstm_77 (LSTM)               (None, 150, 500)          2002000   
_________________________________________________________________
lstm_78 (LSTM)               (None, 150, 500)          2002000   
_________________________________________________________________
lstm_79 (LSTM)               (None, 150, 500)          2002000   
_________________________________________________________________
lstm_80 (LSTM)               (None, 500)               2002000   
_________________________________________________________________
dense_16 (Dense)             (None, 4)                 2004      
=================================================================
Total params: 9,332,004
Trainable params: 9,332,004
Non-trainable params: 0
_________________________________________________________________
None
Train on 603 samples, validate on 67 samples
Epoch 1/50
 - 13s - loss: 1.1725 - acc: 0.2421 - val_loss: 1.0705 - val_acc: 0.4478
Epoch 2/50
 - 4s - loss: 1.1450 - acc: 0.4411 - val_loss: 0.8413 - val_acc: 0.4478
Epoch 3/50
 - 4s - loss: 0.9054 - acc: 0.4428 - val_loss: 0.7503 - val_acc: 0.4478
Epoch 4/50
 - 4s - loss: 0.8503 - acc: 0.4428 - val_loss: 1.7307 - val_acc: 0.3433
Epoch 5/50
 - 4s - loss: 1.6942 - acc: 0.4030 - val_loss: 0.9832 - val_acc: 0.3433
Epoch 6/50
 - 4s - loss: 0.9780 - acc: 0.4030 - val_loss: 0.5433 - val_acc: 0.4478
Epoch 7/50
 - 4s - loss: 0.5883 - acc: 0.4395 - val_loss: 0.6345 - val_acc: 0.4478
Epoch 8/50
 - 4s - loss: 0.7187 - acc: 0.4428 - val_loss: 0.6393 - val_acc: 0.4478
Epoch 9/50
 - 4s - loss: 0.7244 - acc: 0.4428 - val_loss: 0.5657 - val_acc: 0.4478
Epoch 10/50
 - 4s - loss: 0.6326 - acc: 0.4428 - val_loss: 0.5750 - val_acc: 0.4478
Epoch 11/50
 - 4s - loss: 0.6283 - acc: 0.4328 - val_loss: 0.5665 - val_acc: 0.3433
Epoch 12/50
 - 4s - loss: 0.6040 - acc: 0.3980 - val_loss: 0.5664 - val_acc: 0.3433
Epoch 13/50
 - 4s - loss: 0.6031 - acc: 0.4063 - val_loss: 0.5600 - val_acc: 0.3433
Epoch 14/50
 - 4s - loss: 0.5966 - acc: 0.3980 - val_loss: 0.5500 - val_acc: 0.3731
Epoch 15/50
 - 4s - loss: 0.5880 - acc: 0.4229 - val_loss: 0.5434 - val_acc: 0.4478
Epoch 16/50
 - 4s - loss: 0.5850 - acc: 0.4561 - val_loss: 0.5420 - val_acc: 0.4478
Epoch 17/50
 - 4s - loss: 0.5887 - acc: 0.4428 - val_loss: 0.5425 - val_acc: 0.4478
Epoch 18/50
 - 4s - loss: 0.5920 - acc: 0.4428 - val_loss: 0.5421 - val_acc: 0.4478
Epoch 19/50
 - 4s - loss: 0.5918 - acc: 0.4428 - val_loss: 0.5418 - val_acc: 0.4478
Epoch 20/50
 - 4s - loss: 0.5881 - acc: 0.4444 - val_loss: 0.5437 - val_acc: 0.4478
Epoch 21/50
 - 4s - loss: 0.5859 - acc: 0.4328 - val_loss: 0.5477 - val_acc: 0.4478
Epoch 22/50
 - 4s - loss: 0.5859 - acc: 0.4362 - val_loss: 0.5510 - val_acc: 0.3433
Epoch 23/50
 - 4s - loss: 0.5855 - acc: 0.4643 - val_loss: 0.5508 - val_acc: 0.3433
Epoch 24/50
 - 4s - loss: 0.5901 - acc: 0.4030 - val_loss: 0.5475 - val_acc: 0.4925
Epoch 25/50
 - 4s - loss: 0.5867 - acc: 0.4411 - val_loss: 0.5433 - val_acc: 0.4478
Epoch 26/50
 - 4s - loss: 0.5852 - acc: 0.4511 - val_loss: 0.5402 - val_acc: 0.4478
Epoch 27/50
 - 4s - loss: 0.5840 - acc: 0.4345 - val_loss: 0.5386 - val_acc: 0.4478
Epoch 28/50
 - 4s - loss: 0.5855 - acc: 0.4428 - val_loss: 0.5374 - val_acc: 0.4478
Epoch 29/50
 - 4s - loss: 0.5870 - acc: 0.4428 - val_loss: 0.5362 - val_acc: 0.4478
Epoch 30/50
 - 4s - loss: 0.5839 - acc: 0.4444 - val_loss: 0.5351 - val_acc: 0.4478
Epoch 31/50
 - 4s - loss: 0.5827 - acc: 0.4444 - val_loss: 0.5339 - val_acc: 0.4478
Epoch 32/50
 - 4s - loss: 0.5784 - acc: 0.4693 - val_loss: 0.5313 - val_acc: 0.5373
Epoch 33/50
 - 4s - loss: 0.5778 - acc: 0.4975 - val_loss: 0.5248 - val_acc: 0.5522
Epoch 34/50
 - 4s - loss: 0.5692 - acc: 0.5124 - val_loss: 0.5113 - val_acc: 0.5373
Epoch 35/50
 - 4s - loss: 0.5583 - acc: 0.5390 - val_loss: 0.4910 - val_acc: 0.5672
Epoch 36/50
 - 4s - loss: 0.5506 - acc: 0.5257 - val_loss: 0.4659 - val_acc: 0.5672
Epoch 37/50
 - 4s - loss: 0.5177 - acc: 0.5655 - val_loss: 0.7168 - val_acc: 0.4925
Epoch 38/50
 - 4s - loss: 0.9456 - acc: 0.5622 - val_loss: 0.4762 - val_acc: 0.5672
Epoch 39/50
 - 4s - loss: 0.5205 - acc: 0.5887 - val_loss: 0.5085 - val_acc: 0.5373
Epoch 40/50
 - 4s - loss: 0.5526 - acc: 0.5274 - val_loss: 0.5319 - val_acc: 0.5373
Epoch 41/50
 - 4s - loss: 0.5699 - acc: 0.5025 - val_loss: 0.5338 - val_acc: 0.5373
Epoch 42/50
 - 4s - loss: 0.5743 - acc: 0.5058 - val_loss: 0.5230 - val_acc: 0.5373
Epoch 43/50
 - 4s - loss: 0.5671 - acc: 0.5108 - val_loss: 0.5151 - val_acc: 0.4627
Epoch 44/50
 - 4s - loss: 0.5662 - acc: 0.4793 - val_loss: 0.5150 - val_acc: 0.4478
Epoch 45/50
 - 4s - loss: 0.5730 - acc: 0.4411 - val_loss: 0.5135 - val_acc: 0.4478
Epoch 46/50
 - 4s - loss: 0.5718 - acc: 0.4444 - val_loss: 0.5061 - val_acc: 0.4627
Epoch 47/50
 - 4s - loss: 0.5634 - acc: 0.4892 - val_loss: 0.5028 - val_acc: 0.5373
Epoch 48/50
 - 4s - loss: 0.5550 - acc: 0.5357 - val_loss: 0.5030 - val_acc: 0.5522
Epoch 49/50
 - 4s - loss: 0.5526 - acc: 0.5274 - val_loss: 0.4883 - val_acc: 0.5373
Epoch 50/50
 - 4s - loss: 0.5354 - acc: 0.5522 - val_loss: 0.4971 - val_acc: 0.4925
Akurasi:  0.4486607142857143
